[ 2017-05-26T16:43:38+08:00 ] ::1 /demo/index.php?c=Index
INFO: [ app_init ] --START--
INFO: Run Behavior\BuildLiteBehavior [ RunTime:0.000028s ]
INFO: [ app_init ] --END-- [ RunTime:0.062190s ]
INFO: [ app_begin ] --START--
INFO: Run Behavior\ReadHtmlCacheBehavior [ RunTime:0.026241s ]
INFO: [ app_begin ] --END-- [ RunTime:0.026444s ]
NOTIC: [2048] Declaration of Home\Controller\CommonController::error() should be compatible with Think\Controller::error($message = '', $jumpUrl = '', $ajax = false) E:\wamp64\www\demo\Application\Home\Controller\CommonController.class.php 第 33 行.
SQL: SHOW COLUMNS FROM `cms_menu` [ RunTime:0.0472s ]
SQL: SELECT * FROM `cms_menu` WHERE ( status=1 ) ORDER BY menu_id  [ RunTime:0.0003s ]
SQL: SHOW COLUMNS FROM `cms_news` [ RunTime:0.0019s ]
SQL: SELECT `count`,`news_id` FROM `cms_news`  [ RunTime:0.0005s ]
SQL: SELECT * FROM `cms_news` WHERE `news_id` = 36 LIMIT 1   [ RunTime:0.0006s ]
SQL: SELECT * FROM `cms_news` WHERE `news_id` = 29 LIMIT 1   [ RunTime:0.0006s ]
SQL: SELECT * FROM `cms_news` WHERE `news_id` = 25 LIMIT 1   [ RunTime:0.0004s ]
SQL: SELECT * FROM `cms_news` WHERE `news_id` = 27 LIMIT 1   [ RunTime:0.0005s ]
SQL: SELECT * FROM `cms_news` WHERE `news_id` = 34 LIMIT 1   [ RunTime:0.0005s ]
NOTIC: [8] Undefined index: p E:\wamp64\www\demo\Application\Home\Controller\IndexController.class.php 第 6 行.
NOTIC: [8] Undefined index: menu_id E:\wamp64\www\demo\Application\Home\Controller\IndexController.class.php 第 9 行.
SQL: SELECT * FROM `cms_news` WHERE `status` = 1 ORDER BY news_id desc LIMIT 0,6   [ RunTime:0.0007s ]
SQL: SELECT COUNT(*) AS tp_count FROM `cms_news` WHERE `status` = 1 LIMIT 1   [ RunTime:0.0005s ]
INFO: [ view_parse ] --START--
INFO: [ template_filter ] --START--
INFO: Run Behavior\ContentReplaceBehavior [ RunTime:0.000130s ]
INFO: [ template_filter ] --END-- [ RunTime:0.000285s ]
NOTIC: [8] Undefined index: name E:\wamp64\www\demo\Application\Runtime\Cache\Home\2a94b8bda04ff446dcedd42276fc99ee.php 第 26 行.
NOTIC: [8] Undefined index: name E:\wamp64\www\demo\Application\Runtime\Cache\Home\2a94b8bda04ff446dcedd42276fc99ee.php 第 26 行.
NOTIC: [8] Undefined index: name E:\wamp64\www\demo\Application\Runtime\Cache\Home\2a94b8bda04ff446dcedd42276fc99ee.php 第 26 行.
NOTIC: [8] Undefined index: name E:\wamp64\www\demo\Application\Runtime\Cache\Home\2a94b8bda04ff446dcedd42276fc99ee.php 第 26 行.
NOTIC: [8] Undefined index: name E:\wamp64\www\demo\Application\Runtime\Cache\Home\2a94b8bda04ff446dcedd42276fc99ee.php 第 59 行.
SQL: SELECT * FROM `cms_menu` WHERE ( menu_id=6 ) LIMIT 1   [ RunTime:0.0003s ]
NOTIC: [8] Undefined index: name E:\wamp64\www\demo\Application\Runtime\Cache\Home\2a94b8bda04ff446dcedd42276fc99ee.php 第 59 行.
SQL: SELECT * FROM `cms_menu` WHERE ( menu_id=1 ) LIMIT 1   [ RunTime:0.0002s ]
NOTIC: [8] Undefined index: name E:\wamp64\www\demo\Application\Runtime\Cache\Home\2a94b8bda04ff446dcedd42276fc99ee.php 第 59 行.
SQL: SELECT * FROM `cms_menu` WHERE ( menu_id=4 ) LIMIT 1   [ RunTime:0.0002s ]
NOTIC: [8] Undefined index: name E:\wamp64\www\demo\Application\Runtime\Cache\Home\2a94b8bda04ff446dcedd42276fc99ee.php 第 59 行.
SQL: SELECT * FROM `cms_menu` WHERE ( menu_id=1 ) LIMIT 1   [ RunTime:0.0002s ]
NOTIC: [8] Undefined index: name E:\wamp64\www\demo\Application\Runtime\Cache\Home\2a94b8bda04ff446dcedd42276fc99ee.php 第 59 行.
SQL: SELECT * FROM `cms_menu` WHERE ( menu_id=6 ) LIMIT 1   [ RunTime:0.0002s ]
NOTIC: [8] Undefined index: name E:\wamp64\www\demo\Application\Runtime\Cache\Home\2a94b8bda04ff446dcedd42276fc99ee.php 第 59 行.
SQL: SELECT * FROM `cms_menu` WHERE ( menu_id=6 ) LIMIT 1   [ RunTime:0.0002s ]
INFO: Run Behavior\ParseTemplateBehavior [ RunTime:0.096465s ]
INFO: [ view_parse ] --END-- [ RunTime:0.096592s ]
INFO: [ view_filter ] --START--
INFO: Run Behavior\WriteHtmlCacheBehavior [ RunTime:0.000394s ]
INFO: [ view_filter ] --END-- [ RunTime:0.000495s ]
INFO: [ app_end ] --START--
INFO: Run Behavior\ShowPageTraceBehavior [ RunTime:0.000740s ]
INFO: [ app_end ] --END-- [ RunTime:0.000895s ]

[ 2017-05-26T16:45:06+08:00 ] ::1 /demo/index.php?c=index
INFO: [ app_init ] --START--
INFO: Run Behavior\BuildLiteBehavior [ RunTime:0.000021s ]
INFO: [ app_init ] --END-- [ RunTime:0.000318s ]
INFO: [ app_begin ] --START--
INFO: Run Behavior\ReadHtmlCacheBehavior [ RunTime:0.000331s ]
INFO: [ app_begin ] --END-- [ RunTime:0.000431s ]
NOTIC: [2048] Declaration of Home\Controller\CommonController::error() should be compatible with Think\Controller::error($message = '', $jumpUrl = '', $ajax = false) E:\wamp64\www\demo\Application\Home\Controller\CommonController.class.php 第 33 行.
SQL: SHOW COLUMNS FROM `cms_menu` [ RunTime:0.0007s ]
SQL: SELECT * FROM `cms_menu` WHERE ( status=1 ) ORDER BY menu_id  [ RunTime:0.0003s ]
SQL: SHOW COLUMNS FROM `cms_news` [ RunTime:0.0006s ]
SQL: SELECT `count`,`news_id` FROM `cms_news`  [ RunTime:0.0002s ]
SQL: SELECT * FROM `cms_news` WHERE `news_id` = 36 LIMIT 1   [ RunTime:0.0002s ]
SQL: SELECT * FROM `cms_news` WHERE `news_id` = 29 LIMIT 1   [ RunTime:0.0002s ]
SQL: SELECT * FROM `cms_news` WHERE `news_id` = 25 LIMIT 1   [ RunTime:0.0002s ]
SQL: SELECT * FROM `cms_news` WHERE `news_id` = 27 LIMIT 1   [ RunTime:0.0002s ]
SQL: SELECT * FROM `cms_news` WHERE `news_id` = 34 LIMIT 1   [ RunTime:0.0002s ]
NOTIC: [8] Undefined index: p E:\wamp64\www\demo\Application\Home\Controller\IndexController.class.php 第 6 行.
NOTIC: [8] Undefined index: menu_id E:\wamp64\www\demo\Application\Home\Controller\IndexController.class.php 第 9 行.
SQL: SELECT * FROM `cms_news` WHERE `status` = 1 ORDER BY news_id desc LIMIT 0,6   [ RunTime:0.0004s ]
SQL: SELECT COUNT(*) AS tp_count FROM `cms_news` WHERE `status` = 1 LIMIT 1   [ RunTime:0.0003s ]
INFO: [ view_parse ] --START--
INFO: [ template_filter ] --START--
INFO: Run Behavior\ContentReplaceBehavior [ RunTime:0.000085s ]
INFO: [ template_filter ] --END-- [ RunTime:0.000187s ]
NOTIC: [8] Undefined index: name E:\wamp64\www\demo\Application\Runtime\Cache\Home\2a94b8bda04ff446dcedd42276fc99ee.php 第 26 行.
NOTIC: [8] Undefined index: name E:\wamp64\www\demo\Application\Runtime\Cache\Home\2a94b8bda04ff446dcedd42276fc99ee.php 第 26 行.
NOTIC: [8] Undefined index: name E:\wamp64\www\demo\Application\Runtime\Cache\Home\2a94b8bda04ff446dcedd42276fc99ee.php 第 26 行.
NOTIC: [8] Undefined index: name E:\wamp64\www\demo\Application\Runtime\Cache\Home\2a94b8bda04ff446dcedd42276fc99ee.php 第 26 行.
NOTIC: [8] Undefined index: name E:\wamp64\www\demo\Application\Runtime\Cache\Home\2a94b8bda04ff446dcedd42276fc99ee.php 第 59 行.
SQL: SELECT * FROM `cms_menu` WHERE ( menu_id=6 ) LIMIT 1   [ RunTime:0.0003s ]
NOTIC: [8] Undefined index: name E:\wamp64\www\demo\Application\Runtime\Cache\Home\2a94b8bda04ff446dcedd42276fc99ee.php 第 59 行.
SQL: SELECT * FROM `cms_menu` WHERE ( menu_id=1 ) LIMIT 1   [ RunTime:0.0002s ]
NOTIC: [8] Undefined index: name E:\wamp64\www\demo\Application\Runtime\Cache\Home\2a94b8bda04ff446dcedd42276fc99ee.php 第 59 行.
SQL: SELECT * FROM `cms_menu` WHERE ( menu_id=4 ) LIMIT 1   [ RunTime:0.0002s ]
NOTIC: [8] Undefined index: name E:\wamp64\www\demo\Application\Runtime\Cache\Home\2a94b8bda04ff446dcedd42276fc99ee.php 第 59 行.
SQL: SELECT * FROM `cms_menu` WHERE ( menu_id=1 ) LIMIT 1   [ RunTime:0.0002s ]
NOTIC: [8] Undefined index: name E:\wamp64\www\demo\Application\Runtime\Cache\Home\2a94b8bda04ff446dcedd42276fc99ee.php 第 59 行.
SQL: SELECT * FROM `cms_menu` WHERE ( menu_id=6 ) LIMIT 1   [ RunTime:0.0002s ]
NOTIC: [8] Undefined index: name E:\wamp64\www\demo\Application\Runtime\Cache\Home\2a94b8bda04ff446dcedd42276fc99ee.php 第 59 行.
SQL: SELECT * FROM `cms_menu` WHERE ( menu_id=6 ) LIMIT 1   [ RunTime:0.0002s ]
INFO: Run Behavior\ParseTemplateBehavior [ RunTime:0.015018s ]
INFO: [ view_parse ] --END-- [ RunTime:0.015121s ]
INFO: [ view_filter ] --START--
INFO: Run Behavior\WriteHtmlCacheBehavior [ RunTime:0.000424s ]
INFO: [ view_filter ] --END-- [ RunTime:0.000515s ]
INFO: [ app_end ] --START--
INFO: Run Behavior\ShowPageTraceBehavior [ RunTime:0.000766s ]
INFO: [ app_end ] --END-- [ RunTime:0.000955s ]

[ 2017-05-26T16:45:19+08:00 ] ::1 /demo/index.php?c=Index
INFO: [ app_init ] --START--
INFO: Run Behavior\BuildLiteBehavior [ RunTime:0.000028s ]
INFO: [ app_init ] --END-- [ RunTime:0.000350s ]
INFO: [ app_begin ] --START--
INFO: Run Behavior\ReadHtmlCacheBehavior [ RunTime:0.000483s ]
INFO: [ app_begin ] --END-- [ RunTime:0.000640s ]
NOTIC: [2048] Declaration of Home\Controller\CommonController::error() should be compatible with Think\Controller::error($message = '', $jumpUrl = '', $ajax = false) E:\wamp64\www\demo\Application\Home\Controller\CommonController.class.php 第 33 行.
SQL: SHOW COLUMNS FROM `cms_menu` [ RunTime:0.0007s ]
SQL: SELECT * FROM `cms_menu` WHERE ( status=1 ) ORDER BY menu_id  [ RunTime:0.0003s ]
SQL: SHOW COLUMNS FROM `cms_news` [ RunTime:0.0006s ]
SQL: SELECT `count`,`news_id` FROM `cms_news`  [ RunTime:0.0002s ]
SQL: SELECT * FROM `cms_news` WHERE `news_id` = 36 LIMIT 1   [ RunTime:0.0003s ]
SQL: SELECT * FROM `cms_news` WHERE `news_id` = 29 LIMIT 1   [ RunTime:0.0002s ]
SQL: SELECT * FROM `cms_news` WHERE `news_id` = 25 LIMIT 1   [ RunTime:0.0003s ]
SQL: SELECT * FROM `cms_news` WHERE `news_id` = 27 LIMIT 1   [ RunTime:0.0002s ]
SQL: SELECT * FROM `cms_news` WHERE `news_id` = 34 LIMIT 1   [ RunTime:0.0002s ]
NOTIC: [8] Undefined index: p E:\wamp64\www\demo\Application\Home\Controller\IndexController.class.php 第 6 行.
NOTIC: [8] Undefined index: menu_id E:\wamp64\www\demo\Application\Home\Controller\IndexController.class.php 第 9 行.
SQL: SELECT * FROM `cms_news` WHERE `status` = 1 ORDER BY news_id desc LIMIT 0,6   [ RunTime:0.0004s ]
SQL: SELECT COUNT(*) AS tp_count FROM `cms_news` WHERE `status` = 1 LIMIT 1   [ RunTime:0.0002s ]
INFO: [ view_parse ] --START--
INFO: [ template_filter ] --START--
INFO: Run Behavior\ContentReplaceBehavior [ RunTime:0.000093s ]
INFO: [ template_filter ] --END-- [ RunTime:0.000196s ]
NOTIC: [8] Undefined index: name E:\wamp64\www\demo\Application\Runtime\Cache\Home\2a94b8bda04ff446dcedd42276fc99ee.php 第 26 行.
NOTIC: [8] Undefined index: name E:\wamp64\www\demo\Application\Runtime\Cache\Home\2a94b8bda04ff446dcedd42276fc99ee.php 第 26 行.
NOTIC: [8] Undefined index: name E:\wamp64\www\demo\Application\Runtime\Cache\Home\2a94b8bda04ff446dcedd42276fc99ee.php 第 26 行.
NOTIC: [8] Undefined index: name E:\wamp64\www\demo\Application\Runtime\Cache\Home\2a94b8bda04ff446dcedd42276fc99ee.php 第 26 行.
NOTIC: [8] Undefined index: name E:\wamp64\www\demo\Application\Runtime\Cache\Home\2a94b8bda04ff446dcedd42276fc99ee.php 第 59 行.
SQL: SELECT * FROM `cms_menu` WHERE ( menu_id=6 ) LIMIT 1   [ RunTime:0.0003s ]
NOTIC: [8] Undefined index: name E:\wamp64\www\demo\Application\Runtime\Cache\Home\2a94b8bda04ff446dcedd42276fc99ee.php 第 59 行.
SQL: SELECT * FROM `cms_menu` WHERE ( menu_id=1 ) LIMIT 1   [ RunTime:0.0002s ]
NOTIC: [8] Undefined index: name E:\wamp64\www\demo\Application\Runtime\Cache\Home\2a94b8bda04ff446dcedd42276fc99ee.php 第 59 行.
SQL: SELECT * FROM `cms_menu` WHERE ( menu_id=4 ) LIMIT 1   [ RunTime:0.0002s ]
NOTIC: [8] Undefined index: name E:\wamp64\www\demo\Application\Runtime\Cache\Home\2a94b8bda04ff446dcedd42276fc99ee.php 第 59 行.
SQL: SELECT * FROM `cms_menu` WHERE ( menu_id=1 ) LIMIT 1   [ RunTime:0.0002s ]
NOTIC: [8] Undefined index: name E:\wamp64\www\demo\Application\Runtime\Cache\Home\2a94b8bda04ff446dcedd42276fc99ee.php 第 59 行.
SQL: SELECT * FROM `cms_menu` WHERE ( menu_id=6 ) LIMIT 1   [ RunTime:0.0002s ]
NOTIC: [8] Undefined index: name E:\wamp64\www\demo\Application\Runtime\Cache\Home\2a94b8bda04ff446dcedd42276fc99ee.php 第 59 行.
SQL: SELECT * FROM `cms_menu` WHERE ( menu_id=6 ) LIMIT 1   [ RunTime:0.0002s ]
INFO: Run Behavior\ParseTemplateBehavior [ RunTime:0.015852s ]
INFO: [ view_parse ] --END-- [ RunTime:0.015990s ]
INFO: [ view_filter ] --START--
INFO: Run Behavior\WriteHtmlCacheBehavior [ RunTime:0.000366s ]
INFO: [ view_filter ] --END-- [ RunTime:0.000459s ]
INFO: [ app_end ] --START--
INFO: Run Behavior\ShowPageTraceBehavior [ RunTime:0.000783s ]
INFO: [ app_end ] --END-- [ RunTime:0.000988s ]

[ 2017-05-26T16:45:20+08:00 ] ::1 /demo/index.php?c=Index
INFO: [ app_init ] --START--
INFO: Run Behavior\BuildLiteBehavior [ RunTime:0.000041s ]
INFO: [ app_init ] --END-- [ RunTime:0.000532s ]
INFO: [ app_begin ] --START--
INFO: Run Behavior\ReadHtmlCacheBehavior [ RunTime:0.000551s ]
INFO: [ app_begin ] --END-- [ RunTime:0.000741s ]
NOTIC: [2048] Declaration of Home\Controller\CommonController::error() should be compatible with Think\Controller::error($message = '', $jumpUrl = '', $ajax = false) E:\wamp64\www\demo\Application\Home\Controller\CommonController.class.php 第 33 行.
SQL: SHOW COLUMNS FROM `cms_menu` [ RunTime:0.0009s ]
SQL: SELECT * FROM `cms_menu` WHERE ( status=1 ) ORDER BY menu_id  [ RunTime:0.0004s ]
SQL: SHOW COLUMNS FROM `cms_news` [ RunTime:0.0009s ]
SQL: SELECT `count`,`news_id` FROM `cms_news`  [ RunTime:0.0003s ]
SQL: SELECT * FROM `cms_news` WHERE `news_id` = 36 LIMIT 1   [ RunTime:0.0004s ]
SQL: SELECT * FROM `cms_news` WHERE `news_id` = 29 LIMIT 1   [ RunTime:0.0003s ]
SQL: SELECT * FROM `cms_news` WHERE `news_id` = 25 LIMIT 1   [ RunTime:0.0005s ]
SQL: SELECT * FROM `cms_news` WHERE `news_id` = 27 LIMIT 1   [ RunTime:0.0004s ]
SQL: SELECT * FROM `cms_news` WHERE `news_id` = 34 LIMIT 1   [ RunTime:0.0004s ]
NOTIC: [8] Undefined index: p E:\wamp64\www\demo\Application\Home\Controller\IndexController.class.php 第 6 行.
NOTIC: [8] Undefined index: menu_id E:\wamp64\www\demo\Application\Home\Controller\IndexController.class.php 第 9 行.
SQL: SELECT * FROM `cms_news` WHERE `status` = 1 ORDER BY news_id desc LIMIT 0,6   [ RunTime:0.0005s ]
SQL: SELECT COUNT(*) AS tp_count FROM `cms_news` WHERE `status` = 1 LIMIT 1   [ RunTime:0.0003s ]
INFO: [ view_parse ] --START--
INFO: [ template_filter ] --START--
INFO: Run Behavior\ContentReplaceBehavior [ RunTime:0.000154s ]
INFO: [ template_filter ] --END-- [ RunTime:0.000352s ]
NOTIC: [8] Undefined index: name E:\wamp64\www\demo\Application\Runtime\Cache\Home\2a94b8bda04ff446dcedd42276fc99ee.php 第 26 行.
NOTIC: [8] Undefined index: name E:\wamp64\www\demo\Application\Runtime\Cache\Home\2a94b8bda04ff446dcedd42276fc99ee.php 第 26 行.
NOTIC: [8] Undefined index: name E:\wamp64\www\demo\Application\Runtime\Cache\Home\2a94b8bda04ff446dcedd42276fc99ee.php 第 26 行.
NOTIC: [8] Undefined index: name E:\wamp64\www\demo\Application\Runtime\Cache\Home\2a94b8bda04ff446dcedd42276fc99ee.php 第 26 行.
NOTIC: [8] Undefined index: name E:\wamp64\www\demo\Application\Runtime\Cache\Home\2a94b8bda04ff446dcedd42276fc99ee.php 第 59 行.
SQL: SELECT * FROM `cms_menu` WHERE ( menu_id=6 ) LIMIT 1   [ RunTime:0.0004s ]
NOTIC: [8] Undefined index: name E:\wamp64\www\demo\Application\Runtime\Cache\Home\2a94b8bda04ff446dcedd42276fc99ee.php 第 59 行.
SQL: SELECT * FROM `cms_menu` WHERE ( menu_id=1 ) LIMIT 1   [ RunTime:0.0002s ]
NOTIC: [8] Undefined index: name E:\wamp64\www\demo\Application\Runtime\Cache\Home\2a94b8bda04ff446dcedd42276fc99ee.php 第 59 行.
SQL: SELECT * FROM `cms_menu` WHERE ( menu_id=4 ) LIMIT 1   [ RunTime:0.0002s ]
NOTIC: [8] Undefined index: name E:\wamp64\www\demo\Application\Runtime\Cache\Home\2a94b8bda04ff446dcedd42276fc99ee.php 第 59 行.
SQL: SELECT * FROM `cms_menu` WHERE ( menu_id=1 ) LIMIT 1   [ RunTime:0.0002s ]
NOTIC: [8] Undefined index: name E:\wamp64\www\demo\Application\Runtime\Cache\Home\2a94b8bda04ff446dcedd42276fc99ee.php 第 59 行.
SQL: SELECT * FROM `cms_menu` WHERE ( menu_id=6 ) LIMIT 1   [ RunTime:0.0004s ]
NOTIC: [8] Undefined index: name E:\wamp64\www\demo\Application\Runtime\Cache\Home\2a94b8bda04ff446dcedd42276fc99ee.php 第 59 行.
SQL: SELECT * FROM `cms_menu` WHERE ( menu_id=6 ) LIMIT 1   [ RunTime:0.0004s ]
INFO: Run Behavior\ParseTemplateBehavior [ RunTime:0.024586s ]
INFO: [ view_parse ] --END-- [ RunTime:0.024851s ]
INFO: [ view_filter ] --START--
INFO: Run Behavior\WriteHtmlCacheBehavior [ RunTime:0.000808s ]
INFO: [ view_filter ] --END-- [ RunTime:0.001069s ]
INFO: [ app_end ] --START--
INFO: Run Behavior\ShowPageTraceBehavior [ RunTime:0.000850s ]
INFO: [ app_end ] --END-- [ RunTime:0.001035s ]

[ 2017-05-26T16:45:30+08:00 ] ::1 /demo/index.php?m=&c=index&a=index&p=2
INFO: [ app_init ] --START--
INFO: Run Behavior\BuildLiteBehavior [ RunTime:0.000022s ]
INFO: [ app_init ] --END-- [ RunTime:0.000325s ]
INFO: [ app_begin ] --START--
INFO: Run Behavior\ReadHtmlCacheBehavior [ RunTime:0.000362s ]
INFO: [ app_begin ] --END-- [ RunTime:0.000468s ]
NOTIC: [2048] Declaration of Home\Controller\CommonController::error() should be compatible with Think\Controller::error($message = '', $jumpUrl = '', $ajax = false) E:\wamp64\www\demo\Application\Home\Controller\CommonController.class.php 第 33 行.
SQL: SHOW COLUMNS FROM `cms_menu` [ RunTime:0.0007s ]
SQL: SELECT * FROM `cms_menu` WHERE ( status=1 ) ORDER BY menu_id  [ RunTime:0.0003s ]
SQL: SHOW COLUMNS FROM `cms_news` [ RunTime:0.0005s ]
SQL: SELECT `count`,`news_id` FROM `cms_news`  [ RunTime:0.0002s ]
SQL: SELECT * FROM `cms_news` WHERE `news_id` = 36 LIMIT 1   [ RunTime:0.0002s ]
SQL: SELECT * FROM `cms_news` WHERE `news_id` = 29 LIMIT 1   [ RunTime:0.0002s ]
SQL: SELECT * FROM `cms_news` WHERE `news_id` = 25 LIMIT 1   [ RunTime:0.0002s ]
SQL: SELECT * FROM `cms_news` WHERE `news_id` = 27 LIMIT 1   [ RunTime:0.0002s ]
SQL: SELECT * FROM `cms_news` WHERE `news_id` = 34 LIMIT 1   [ RunTime:0.0002s ]
NOTIC: [8] Undefined index: menu_id E:\wamp64\www\demo\Application\Home\Controller\IndexController.class.php 第 9 行.
SQL: SELECT * FROM `cms_news` WHERE `status` = 1 ORDER BY news_id desc LIMIT 6,6   [ RunTime:0.0004s ]
SQL: SELECT COUNT(*) AS tp_count FROM `cms_news` WHERE `status` = 1 LIMIT 1   [ RunTime:0.0003s ]
INFO: [ view_parse ] --START--
INFO: [ template_filter ] --START--
INFO: Run Behavior\ContentReplaceBehavior [ RunTime:0.000082s ]
INFO: [ template_filter ] --END-- [ RunTime:0.000183s ]
NOTIC: [8] Undefined index: name E:\wamp64\www\demo\Application\Runtime\Cache\Home\2a94b8bda04ff446dcedd42276fc99ee.php 第 26 行.
NOTIC: [8] Undefined index: name E:\wamp64\www\demo\Application\Runtime\Cache\Home\2a94b8bda04ff446dcedd42276fc99ee.php 第 26 行.
NOTIC: [8] Undefined index: name E:\wamp64\www\demo\Application\Runtime\Cache\Home\2a94b8bda04ff446dcedd42276fc99ee.php 第 26 行.
NOTIC: [8] Undefined index: name E:\wamp64\www\demo\Application\Runtime\Cache\Home\2a94b8bda04ff446dcedd42276fc99ee.php 第 26 行.
NOTIC: [8] Undefined index: name E:\wamp64\www\demo\Application\Runtime\Cache\Home\2a94b8bda04ff446dcedd42276fc99ee.php 第 59 行.
SQL: SELECT * FROM `cms_menu` WHERE ( menu_id=5 ) LIMIT 1   [ RunTime:0.0003s ]
NOTIC: [8] Undefined index: name E:\wamp64\www\demo\Application\Runtime\Cache\Home\2a94b8bda04ff446dcedd42276fc99ee.php 第 59 行.
SQL: SELECT * FROM `cms_menu` WHERE ( menu_id=5 ) LIMIT 1   [ RunTime:0.0002s ]
NOTIC: [8] Undefined index: name E:\wamp64\www\demo\Application\Runtime\Cache\Home\2a94b8bda04ff446dcedd42276fc99ee.php 第 59 行.
SQL: SELECT * FROM `cms_menu` WHERE ( menu_id=5 ) LIMIT 1   [ RunTime:0.0002s ]
NOTIC: [8] Undefined index: name E:\wamp64\www\demo\Application\Runtime\Cache\Home\2a94b8bda04ff446dcedd42276fc99ee.php 第 59 行.
SQL: SELECT * FROM `cms_menu` WHERE ( menu_id=1 ) LIMIT 1   [ RunTime:0.0002s ]
NOTIC: [8] Undefined index: name E:\wamp64\www\demo\Application\Runtime\Cache\Home\2a94b8bda04ff446dcedd42276fc99ee.php 第 59 行.
SQL: SELECT * FROM `cms_menu` WHERE ( menu_id=4 ) LIMIT 1   [ RunTime:0.0002s ]
NOTIC: [8] Undefined index: name E:\wamp64\www\demo\Application\Runtime\Cache\Home\2a94b8bda04ff446dcedd42276fc99ee.php 第 59 行.
SQL: SELECT * FROM `cms_menu` WHERE ( menu_id=1 ) LIMIT 1   [ RunTime:0.0002s ]
INFO: Run Behavior\ParseTemplateBehavior [ RunTime:0.015046s ]
INFO: [ view_parse ] --END-- [ RunTime:0.015149s ]
INFO: [ view_filter ] --START--
INFO: Run Behavior\WriteHtmlCacheBehavior [ RunTime:0.000363s ]
INFO: [ view_filter ] --END-- [ RunTime:0.000455s ]
INFO: [ app_end ] --START--
INFO: Run Behavior\ShowPageTraceBehavior [ RunTime:0.000829s ]
INFO: [ app_end ] --END-- [ RunTime:0.001014s ]

[ 2017-05-26T16:45:36+08:00 ] ::1 /demo/index.php?m=&c=index&a=index&p=3
INFO: [ app_init ] --START--
INFO: Run Behavior\BuildLiteBehavior [ RunTime:0.000025s ]
INFO: [ app_init ] --END-- [ RunTime:0.000326s ]
INFO: [ app_begin ] --START--
INFO: Run Behavior\ReadHtmlCacheBehavior [ RunTime:0.000399s ]
INFO: [ app_begin ] --END-- [ RunTime:0.000522s ]
NOTIC: [2048] Declaration of Home\Controller\CommonController::error() should be compatible with Think\Controller::error($message = '', $jumpUrl = '', $ajax = false) E:\wamp64\www\demo\Application\Home\Controller\CommonController.class.php 第 33 行.
SQL: SHOW COLUMNS FROM `cms_menu` [ RunTime:0.0006s ]
SQL: SELECT * FROM `cms_menu` WHERE ( status=1 ) ORDER BY menu_id  [ RunTime:0.0003s ]
SQL: SHOW COLUMNS FROM `cms_news` [ RunTime:0.0005s ]
SQL: SELECT `count`,`news_id` FROM `cms_news`  [ RunTime:0.0002s ]
SQL: SELECT * FROM `cms_news` WHERE `news_id` = 36 LIMIT 1   [ RunTime:0.0002s ]
SQL: SELECT * FROM `cms_news` WHERE `news_id` = 29 LIMIT 1   [ RunTime:0.0002s ]
SQL: SELECT * FROM `cms_news` WHERE `news_id` = 25 LIMIT 1   [ RunTime:0.0002s ]
SQL: SELECT * FROM `cms_news` WHERE `news_id` = 27 LIMIT 1   [ RunTime:0.0002s ]
SQL: SELECT * FROM `cms_news` WHERE `news_id` = 34 LIMIT 1   [ RunTime:0.0002s ]
NOTIC: [8] Undefined index: menu_id E:\wamp64\www\demo\Application\Home\Controller\IndexController.class.php 第 9 行.
SQL: SELECT * FROM `cms_news` WHERE `status` = 1 ORDER BY news_id desc LIMIT 12,6   [ RunTime:0.0005s ]
SQL: SELECT COUNT(*) AS tp_count FROM `cms_news` WHERE `status` = 1 LIMIT 1   [ RunTime:0.0002s ]
INFO: [ view_parse ] --START--
INFO: [ template_filter ] --START--
INFO: Run Behavior\ContentReplaceBehavior [ RunTime:0.000090s ]
INFO: [ template_filter ] --END-- [ RunTime:0.000206s ]
NOTIC: [8] Undefined index: name E:\wamp64\www\demo\Application\Runtime\Cache\Home\2a94b8bda04ff446dcedd42276fc99ee.php 第 26 行.
NOTIC: [8] Undefined index: name E:\wamp64\www\demo\Application\Runtime\Cache\Home\2a94b8bda04ff446dcedd42276fc99ee.php 第 26 行.
NOTIC: [8] Undefined index: name E:\wamp64\www\demo\Application\Runtime\Cache\Home\2a94b8bda04ff446dcedd42276fc99ee.php 第 26 行.
NOTIC: [8] Undefined index: name E:\wamp64\www\demo\Application\Runtime\Cache\Home\2a94b8bda04ff446dcedd42276fc99ee.php 第 26 行.
NOTIC: [8] Undefined index: name E:\wamp64\www\demo\Application\Runtime\Cache\Home\2a94b8bda04ff446dcedd42276fc99ee.php 第 59 行.
SQL: SELECT * FROM `cms_menu` WHERE ( menu_id=4 ) LIMIT 1   [ RunTime:0.0003s ]
INFO: Run Behavior\ParseTemplateBehavior [ RunTime:0.012247s ]
INFO: [ view_parse ] --END-- [ RunTime:0.012402s ]
INFO: [ view_filter ] --START--
INFO: Run Behavior\WriteHtmlCacheBehavior [ RunTime:0.000353s ]
INFO: [ view_filter ] --END-- [ RunTime:0.000448s ]
INFO: [ app_end ] --START--
INFO: Run Behavior\ShowPageTraceBehavior [ RunTime:0.000456s ]
INFO: [ app_end ] --END-- [ RunTime:0.000557s ]

[ 2017-05-26T16:45:40+08:00 ] ::1 /demo/index.php?m=&c=index&a=index&p=2
INFO: [ app_init ] --START--
INFO: Run Behavior\BuildLiteBehavior [ RunTime:0.000022s ]
INFO: [ app_init ] --END-- [ RunTime:0.000356s ]
INFO: [ app_begin ] --START--
INFO: Run Behavior\ReadHtmlCacheBehavior [ RunTime:0.000405s ]
INFO: [ app_begin ] --END-- [ RunTime:0.000505s ]
NOTIC: [2048] Declaration of Home\Controller\CommonController::error() should be compatible with Think\Controller::error($message = '', $jumpUrl = '', $ajax = false) E:\wamp64\www\demo\Application\Home\Controller\CommonController.class.php 第 33 行.
SQL: SHOW COLUMNS FROM `cms_menu` [ RunTime:0.0007s ]
SQL: SELECT * FROM `cms_menu` WHERE ( status=1 ) ORDER BY menu_id  [ RunTime:0.0004s ]
SQL: SHOW COLUMNS FROM `cms_news` [ RunTime:0.0007s ]
SQL: SELECT `count`,`news_id` FROM `cms_news`  [ RunTime:0.0002s ]
SQL: SELECT * FROM `cms_news` WHERE `news_id` = 36 LIMIT 1   [ RunTime:0.0002s ]
SQL: SELECT * FROM `cms_news` WHERE `news_id` = 29 LIMIT 1   [ RunTime:0.0002s ]
SQL: SELECT * FROM `cms_news` WHERE `news_id` = 25 LIMIT 1   [ RunTime:0.0002s ]
SQL: SELECT * FROM `cms_news` WHERE `news_id` = 27 LIMIT 1   [ RunTime:0.0002s ]
SQL: SELECT * FROM `cms_news` WHERE `news_id` = 34 LIMIT 1   [ RunTime:0.0002s ]
NOTIC: [8] Undefined index: menu_id E:\wamp64\www\demo\Application\Home\Controller\IndexController.class.php 第 9 行.
SQL: SELECT * FROM `cms_news` WHERE `status` = 1 ORDER BY news_id desc LIMIT 6,6   [ RunTime:0.0005s ]
SQL: SELECT COUNT(*) AS tp_count FROM `cms_news` WHERE `status` = 1 LIMIT 1   [ RunTime:0.0002s ]
INFO: [ view_parse ] --START--
INFO: [ template_filter ] --START--
INFO: Run Behavior\ContentReplaceBehavior [ RunTime:0.000093s ]
INFO: [ template_filter ] --END-- [ RunTime:0.000207s ]
NOTIC: [8] Undefined index: name E:\wamp64\www\demo\Application\Runtime\Cache\Home\2a94b8bda04ff446dcedd42276fc99ee.php 第 26 行.
NOTIC: [8] Undefined index: name E:\wamp64\www\demo\Application\Runtime\Cache\Home\2a94b8bda04ff446dcedd42276fc99ee.php 第 26 行.
NOTIC: [8] Undefined index: name E:\wamp64\www\demo\Application\Runtime\Cache\Home\2a94b8bda04ff446dcedd42276fc99ee.php 第 26 行.
NOTIC: [8] Undefined index: name E:\wamp64\www\demo\Application\Runtime\Cache\Home\2a94b8bda04ff446dcedd42276fc99ee.php 第 26 行.
NOTIC: [8] Undefined index: name E:\wamp64\www\demo\Application\Runtime\Cache\Home\2a94b8bda04ff446dcedd42276fc99ee.php 第 59 行.
SQL: SELECT * FROM `cms_menu` WHERE ( menu_id=5 ) LIMIT 1   [ RunTime:0.0003s ]
NOTIC: [8] Undefined index: name E:\wamp64\www\demo\Application\Runtime\Cache\Home\2a94b8bda04ff446dcedd42276fc99ee.php 第 59 行.
SQL: SELECT * FROM `cms_menu` WHERE ( menu_id=5 ) LIMIT 1   [ RunTime:0.0002s ]
NOTIC: [8] Undefined index: name E:\wamp64\www\demo\Application\Runtime\Cache\Home\2a94b8bda04ff446dcedd42276fc99ee.php 第 59 行.
SQL: SELECT * FROM `cms_menu` WHERE ( menu_id=5 ) LIMIT 1   [ RunTime:0.0002s ]
NOTIC: [8] Undefined index: name E:\wamp64\www\demo\Application\Runtime\Cache\Home\2a94b8bda04ff446dcedd42276fc99ee.php 第 59 行.
SQL: SELECT * FROM `cms_menu` WHERE ( menu_id=1 ) LIMIT 1   [ RunTime:0.0002s ]
NOTIC: [8] Undefined index: name E:\wamp64\www\demo\Application\Runtime\Cache\Home\2a94b8bda04ff446dcedd42276fc99ee.php 第 59 行.
SQL: SELECT * FROM `cms_menu` WHERE ( menu_id=4 ) LIMIT 1   [ RunTime:0.0002s ]
NOTIC: [8] Undefined index: name E:\wamp64\www\demo\Application\Runtime\Cache\Home\2a94b8bda04ff446dcedd42276fc99ee.php 第 59 行.
SQL: SELECT * FROM `cms_menu` WHERE ( menu_id=1 ) LIMIT 1   [ RunTime:0.0002s ]
INFO: Run Behavior\ParseTemplateBehavior [ RunTime:0.014943s ]
INFO: [ view_parse ] --END-- [ RunTime:0.015111s ]
INFO: [ view_filter ] --START--
INFO: Run Behavior\WriteHtmlCacheBehavior [ RunTime:0.000339s ]
INFO: [ view_filter ] --END-- [ RunTime:0.000430s ]
INFO: [ app_end ] --START--
INFO: Run Behavior\ShowPageTraceBehavior [ RunTime:0.000626s ]
INFO: [ app_end ] --END-- [ RunTime:0.000773s ]

[ 2017-05-26T16:47:25+08:00 ] ::1 /demo/index.php?m=&c=index&a=index&p=2
INFO: [ app_init ] --START--
INFO: Run Behavior\BuildLiteBehavior [ RunTime:0.000022s ]
INFO: [ app_init ] --END-- [ RunTime:0.000367s ]
INFO: [ app_begin ] --START--
INFO: Run Behavior\ReadHtmlCacheBehavior [ RunTime:0.000556s ]
INFO: [ app_begin ] --END-- [ RunTime:0.000704s ]
NOTIC: [2048] Declaration of Home\Controller\CommonController::error() should be compatible with Think\Controller::error($message = '', $jumpUrl = '', $ajax = false) E:\wamp64\www\demo\Application\Home\Controller\CommonController.class.php 第 33 行.
SQL: SHOW COLUMNS FROM `cms_menu` [ RunTime:0.0005s ]
SQL: SELECT * FROM `cms_menu` WHERE ( status=1 ) ORDER BY menu_id  [ RunTime:0.0003s ]
SQL: SHOW COLUMNS FROM `cms_news` [ RunTime:0.0005s ]
SQL: SELECT `count`,`news_id` FROM `cms_news`  [ RunTime:0.0002s ]
SQL: SELECT * FROM `cms_news` WHERE `news_id` = 36 LIMIT 1   [ RunTime:0.0002s ]
SQL: SELECT * FROM `cms_news` WHERE `news_id` = 29 LIMIT 1   [ RunTime:0.0002s ]
SQL: SELECT * FROM `cms_news` WHERE `news_id` = 25 LIMIT 1   [ RunTime:0.0002s ]
SQL: SELECT * FROM `cms_news` WHERE `news_id` = 27 LIMIT 1   [ RunTime:0.0002s ]
SQL: SELECT * FROM `cms_news` WHERE `news_id` = 34 LIMIT 1   [ RunTime:0.0002s ]
NOTIC: [8] Undefined index: menu_id E:\wamp64\www\demo\Application\Home\Controller\IndexController.class.php 第 9 行.
SQL: SELECT * FROM `cms_news` WHERE `status` = 1 ORDER BY news_id desc LIMIT 6,6   [ RunTime:0.0006s ]
SQL: SELECT COUNT(*) AS tp_count FROM `cms_news` WHERE `status` = 1 LIMIT 1   [ RunTime:0.0003s ]
INFO: [ view_parse ] --START--
INFO: [ template_filter ] --START--
INFO: Run Behavior\ContentReplaceBehavior [ RunTime:0.000085s ]
INFO: [ template_filter ] --END-- [ RunTime:0.000187s ]
NOTIC: [8] Undefined index: name E:\wamp64\www\demo\Application\Runtime\Cache\Home\2a94b8bda04ff446dcedd42276fc99ee.php 第 26 行.
NOTIC: [8] Undefined index: name E:\wamp64\www\demo\Application\Runtime\Cache\Home\2a94b8bda04ff446dcedd42276fc99ee.php 第 26 行.
NOTIC: [8] Undefined index: name E:\wamp64\www\demo\Application\Runtime\Cache\Home\2a94b8bda04ff446dcedd42276fc99ee.php 第 26 行.
NOTIC: [8] Undefined index: name E:\wamp64\www\demo\Application\Runtime\Cache\Home\2a94b8bda04ff446dcedd42276fc99ee.php 第 26 行.
NOTIC: [8] Undefined index: name E:\wamp64\www\demo\Application\Runtime\Cache\Home\2a94b8bda04ff446dcedd42276fc99ee.php 第 59 行.
SQL: SELECT * FROM `cms_menu` WHERE ( menu_id=5 ) LIMIT 1   [ RunTime:0.0003s ]
NOTIC: [8] Undefined index: name E:\wamp64\www\demo\Application\Runtime\Cache\Home\2a94b8bda04ff446dcedd42276fc99ee.php 第 59 行.
SQL: SELECT * FROM `cms_menu` WHERE ( menu_id=5 ) LIMIT 1   [ RunTime:0.0002s ]
NOTIC: [8] Undefined index: name E:\wamp64\www\demo\Application\Runtime\Cache\Home\2a94b8bda04ff446dcedd42276fc99ee.php 第 59 行.
SQL: SELECT * FROM `cms_menu` WHERE ( menu_id=5 ) LIMIT 1   [ RunTime:0.0004s ]
NOTIC: [8] Undefined index: name E:\wamp64\www\demo\Application\Runtime\Cache\Home\2a94b8bda04ff446dcedd42276fc99ee.php 第 59 行.
SQL: SELECT * FROM `cms_menu` WHERE ( menu_id=1 ) LIMIT 1   [ RunTime:0.0003s ]
NOTIC: [8] Undefined index: name E:\wamp64\www\demo\Application\Runtime\Cache\Home\2a94b8bda04ff446dcedd42276fc99ee.php 第 59 行.
SQL: SELECT * FROM `cms_menu` WHERE ( menu_id=4 ) LIMIT 1   [ RunTime:0.0002s ]
NOTIC: [8] Undefined index: name E:\wamp64\www\demo\Application\Runtime\Cache\Home\2a94b8bda04ff446dcedd42276fc99ee.php 第 59 行.
SQL: SELECT * FROM `cms_menu` WHERE ( menu_id=1 ) LIMIT 1   [ RunTime:0.0002s ]
INFO: Run Behavior\ParseTemplateBehavior [ RunTime:0.015953s ]
INFO: [ view_parse ] --END-- [ RunTime:0.016094s ]
INFO: [ view_filter ] --START--
INFO: Run Behavior\WriteHtmlCacheBehavior [ RunTime:0.000364s ]
INFO: [ view_filter ] --END-- [ RunTime:0.000456s ]
INFO: [ app_end ] --START--
INFO: Run Behavior\ShowPageTraceBehavior [ RunTime:0.000527s ]
INFO: [ app_end ] --END-- [ RunTime:0.000657s ]

[ 2017-05-26T16:47:28+08:00 ] ::1 /demo/index.php?c=Index
INFO: [ app_init ] --START--
INFO: Run Behavior\BuildLiteBehavior [ RunTime:0.000022s ]
INFO: [ app_init ] --END-- [ RunTime:0.000323s ]
INFO: [ app_begin ] --START--
INFO: Run Behavior\ReadHtmlCacheBehavior [ RunTime:0.000323s ]
INFO: [ app_begin ] --END-- [ RunTime:0.000421s ]
NOTIC: [2048] Declaration of Home\Controller\CommonController::error() should be compatible with Think\Controller::error($message = '', $jumpUrl = '', $ajax = false) E:\wamp64\www\demo\Application\Home\Controller\CommonController.class.php 第 33 行.
SQL: SHOW COLUMNS FROM `cms_menu` [ RunTime:0.0005s ]
SQL: SELECT * FROM `cms_menu` WHERE ( status=1 ) ORDER BY menu_id  [ RunTime:0.0004s ]
SQL: SHOW COLUMNS FROM `cms_news` [ RunTime:0.0007s ]
SQL: SELECT `count`,`news_id` FROM `cms_news`  [ RunTime:0.0002s ]
SQL: SELECT * FROM `cms_news` WHERE `news_id` = 36 LIMIT 1   [ RunTime:0.0003s ]
SQL: SELECT * FROM `cms_news` WHERE `news_id` = 29 LIMIT 1   [ RunTime:0.0002s ]
SQL: SELECT * FROM `cms_news` WHERE `news_id` = 25 LIMIT 1   [ RunTime:0.0002s ]
SQL: SELECT * FROM `cms_news` WHERE `news_id` = 27 LIMIT 1   [ RunTime:0.0002s ]
SQL: SELECT * FROM `cms_news` WHERE `news_id` = 34 LIMIT 1   [ RunTime:0.0002s ]
NOTIC: [8] Undefined index: p E:\wamp64\www\demo\Application\Home\Controller\IndexController.class.php 第 6 行.
NOTIC: [8] Undefined index: menu_id E:\wamp64\www\demo\Application\Home\Controller\IndexController.class.php 第 9 行.
SQL: SELECT * FROM `cms_news` WHERE `status` = 1 ORDER BY news_id desc LIMIT 0,6   [ RunTime:0.0004s ]
SQL: SELECT COUNT(*) AS tp_count FROM `cms_news` WHERE `status` = 1 LIMIT 1   [ RunTime:0.0002s ]
INFO: [ view_parse ] --START--
INFO: [ template_filter ] --START--
INFO: Run Behavior\ContentReplaceBehavior [ RunTime:0.000084s ]
INFO: [ template_filter ] --END-- [ RunTime:0.000187s ]
NOTIC: [8] Undefined index: name E:\wamp64\www\demo\Application\Runtime\Cache\Home\2a94b8bda04ff446dcedd42276fc99ee.php 第 26 行.
NOTIC: [8] Undefined index: name E:\wamp64\www\demo\Application\Runtime\Cache\Home\2a94b8bda04ff446dcedd42276fc99ee.php 第 26 行.
NOTIC: [8] Undefined index: name E:\wamp64\www\demo\Application\Runtime\Cache\Home\2a94b8bda04ff446dcedd42276fc99ee.php 第 26 行.
NOTIC: [8] Undefined index: name E:\wamp64\www\demo\Application\Runtime\Cache\Home\2a94b8bda04ff446dcedd42276fc99ee.php 第 26 行.
NOTIC: [8] Undefined index: name E:\wamp64\www\demo\Application\Runtime\Cache\Home\2a94b8bda04ff446dcedd42276fc99ee.php 第 59 行.
SQL: SELECT * FROM `cms_menu` WHERE ( menu_id=6 ) LIMIT 1   [ RunTime:0.0003s ]
NOTIC: [8] Undefined index: name E:\wamp64\www\demo\Application\Runtime\Cache\Home\2a94b8bda04ff446dcedd42276fc99ee.php 第 59 行.
SQL: SELECT * FROM `cms_menu` WHERE ( menu_id=1 ) LIMIT 1   [ RunTime:0.0002s ]
NOTIC: [8] Undefined index: name E:\wamp64\www\demo\Application\Runtime\Cache\Home\2a94b8bda04ff446dcedd42276fc99ee.php 第 59 行.
SQL: SELECT * FROM `cms_menu` WHERE ( menu_id=4 ) LIMIT 1   [ RunTime:0.0002s ]
NOTIC: [8] Undefined index: name E:\wamp64\www\demo\Application\Runtime\Cache\Home\2a94b8bda04ff446dcedd42276fc99ee.php 第 59 行.
SQL: SELECT * FROM `cms_menu` WHERE ( menu_id=1 ) LIMIT 1   [ RunTime:0.0002s ]
NOTIC: [8] Undefined index: name E:\wamp64\www\demo\Application\Runtime\Cache\Home\2a94b8bda04ff446dcedd42276fc99ee.php 第 59 行.
SQL: SELECT * FROM `cms_menu` WHERE ( menu_id=6 ) LIMIT 1   [ RunTime:0.0002s ]
NOTIC: [8] Undefined index: name E:\wamp64\www\demo\Application\Runtime\Cache\Home\2a94b8bda04ff446dcedd42276fc99ee.php 第 59 行.
SQL: SELECT * FROM `cms_menu` WHERE ( menu_id=6 ) LIMIT 1   [ RunTime:0.0002s ]
INFO: Run Behavior\ParseTemplateBehavior [ RunTime:0.015423s ]
INFO: [ view_parse ] --END-- [ RunTime:0.015574s ]
INFO: [ view_filter ] --START--
INFO: Run Behavior\WriteHtmlCacheBehavior [ RunTime:0.000324s ]
INFO: [ view_filter ] --END-- [ RunTime:0.000415s ]
INFO: [ app_end ] --START--
INFO: Run Behavior\ShowPageTraceBehavior [ RunTime:0.000579s ]
INFO: [ app_end ] --END-- [ RunTime:0.000718s ]

[ 2017-05-26T16:47:29+08:00 ] ::1 /demo/index.php?c=Index&menu_id=1
INFO: [ app_init ] --START--
INFO: Run Behavior\BuildLiteBehavior [ RunTime:0.000023s ]
INFO: [ app_init ] --END-- [ RunTime:0.000372s ]
INFO: [ app_begin ] --START--
INFO: Run Behavior\ReadHtmlCacheBehavior [ RunTime:0.000329s ]
INFO: [ app_begin ] --END-- [ RunTime:0.000429s ]
NOTIC: [2048] Declaration of Home\Controller\CommonController::error() should be compatible with Think\Controller::error($message = '', $jumpUrl = '', $ajax = false) E:\wamp64\www\demo\Application\Home\Controller\CommonController.class.php 第 33 行.
SQL: SHOW COLUMNS FROM `cms_menu` [ RunTime:0.0005s ]
SQL: SELECT * FROM `cms_menu` WHERE ( status=1 ) ORDER BY menu_id  [ RunTime:0.0003s ]
SQL: SHOW COLUMNS FROM `cms_news` [ RunTime:0.0006s ]
SQL: SELECT `count`,`news_id` FROM `cms_news`  [ RunTime:0.0002s ]
SQL: SELECT * FROM `cms_news` WHERE `news_id` = 36 LIMIT 1   [ RunTime:0.0002s ]
SQL: SELECT * FROM `cms_news` WHERE `news_id` = 29 LIMIT 1   [ RunTime:0.0002s ]
SQL: SELECT * FROM `cms_news` WHERE `news_id` = 25 LIMIT 1   [ RunTime:0.0002s ]
SQL: SELECT * FROM `cms_news` WHERE `news_id` = 27 LIMIT 1   [ RunTime:0.0002s ]
SQL: SELECT * FROM `cms_news` WHERE `news_id` = 34 LIMIT 1   [ RunTime:0.0002s ]
NOTIC: [8] Undefined index: p E:\wamp64\www\demo\Application\Home\Controller\IndexController.class.php 第 6 行.
SQL: SELECT * FROM `cms_news` WHERE `menu_id` = 1 AND `status` = 1 ORDER BY news_id desc LIMIT 0,6   [ RunTime:0.0005s ]
SQL: SELECT COUNT(*) AS tp_count FROM `cms_news` WHERE `menu_id` = 1 AND `status` = 1 LIMIT 1   [ RunTime:0.0003s ]
INFO: [ view_parse ] --START--
INFO: [ template_filter ] --START--
INFO: Run Behavior\ContentReplaceBehavior [ RunTime:0.000098s ]
INFO: [ template_filter ] --END-- [ RunTime:0.000215s ]
NOTIC: [8] Undefined index: name E:\wamp64\www\demo\Application\Runtime\Cache\Home\2a94b8bda04ff446dcedd42276fc99ee.php 第 26 行.
NOTIC: [8] Undefined index: name E:\wamp64\www\demo\Application\Runtime\Cache\Home\2a94b8bda04ff446dcedd42276fc99ee.php 第 26 行.
NOTIC: [8] Undefined index: name E:\wamp64\www\demo\Application\Runtime\Cache\Home\2a94b8bda04ff446dcedd42276fc99ee.php 第 26 行.
NOTIC: [8] Undefined index: name E:\wamp64\www\demo\Application\Runtime\Cache\Home\2a94b8bda04ff446dcedd42276fc99ee.php 第 26 行.
NOTIC: [8] Undefined index: name E:\wamp64\www\demo\Application\Runtime\Cache\Home\2a94b8bda04ff446dcedd42276fc99ee.php 第 59 行.
SQL: SELECT * FROM `cms_menu` WHERE ( menu_id=1 ) LIMIT 1   [ RunTime:0.0004s ]
NOTIC: [8] Undefined index: name E:\wamp64\www\demo\Application\Runtime\Cache\Home\2a94b8bda04ff446dcedd42276fc99ee.php 第 59 行.
SQL: SELECT * FROM `cms_menu` WHERE ( menu_id=1 ) LIMIT 1   [ RunTime:0.0002s ]
NOTIC: [8] Undefined index: name E:\wamp64\www\demo\Application\Runtime\Cache\Home\2a94b8bda04ff446dcedd42276fc99ee.php 第 59 行.
SQL: SELECT * FROM `cms_menu` WHERE ( menu_id=1 ) LIMIT 1   [ RunTime:0.0001s ]
NOTIC: [8] Undefined index: name E:\wamp64\www\demo\Application\Runtime\Cache\Home\2a94b8bda04ff446dcedd42276fc99ee.php 第 59 行.
SQL: SELECT * FROM `cms_menu` WHERE ( menu_id=1 ) LIMIT 1   [ RunTime:0.0001s ]
INFO: Run Behavior\ParseTemplateBehavior [ RunTime:0.013794s ]
INFO: [ view_parse ] --END-- [ RunTime:0.013933s ]
INFO: [ view_filter ] --START--
INFO: Run Behavior\WriteHtmlCacheBehavior [ RunTime:0.000372s ]
INFO: [ view_filter ] --END-- [ RunTime:0.000465s ]
INFO: [ app_end ] --START--
INFO: Run Behavior\ShowPageTraceBehavior [ RunTime:0.000747s ]
INFO: [ app_end ] --END-- [ RunTime:0.000933s ]

[ 2017-05-26T16:48:02+08:00 ] ::1 /demo/index.php?c=Detail&id=34
INFO: [ app_init ] --START--
INFO: Run Behavior\BuildLiteBehavior [ RunTime:0.000024s ]
INFO: [ app_init ] --END-- [ RunTime:0.000371s ]
INFO: [ app_begin ] --START--
INFO: Run Behavior\ReadHtmlCacheBehavior [ RunTime:0.000402s ]
INFO: [ app_begin ] --END-- [ RunTime:0.000505s ]
NOTIC: [2048] Declaration of Home\Controller\CommonController::error() should be compatible with Think\Controller::error($message = '', $jumpUrl = '', $ajax = false) E:\wamp64\www\demo\Application\Home\Controller\CommonController.class.php 第 33 行.
SQL: SHOW COLUMNS FROM `cms_menu` [ RunTime:0.0005s ]
SQL: SELECT * FROM `cms_menu` WHERE ( status=1 ) ORDER BY menu_id  [ RunTime:0.0003s ]
SQL: SHOW COLUMNS FROM `cms_news` [ RunTime:0.0005s ]
SQL: SELECT `count`,`news_id` FROM `cms_news`  [ RunTime:0.0002s ]
SQL: SELECT * FROM `cms_news` WHERE `news_id` = 36 LIMIT 1   [ RunTime:0.0002s ]
SQL: SELECT * FROM `cms_news` WHERE `news_id` = 29 LIMIT 1   [ RunTime:0.0002s ]
SQL: SELECT * FROM `cms_news` WHERE `news_id` = 25 LIMIT 1   [ RunTime:0.0002s ]
SQL: SELECT * FROM `cms_news` WHERE `news_id` = 27 LIMIT 1   [ RunTime:0.0002s ]
SQL: SELECT * FROM `cms_news` WHERE `news_id` = 34 LIMIT 1   [ RunTime:0.0002s ]
SQL: SELECT * FROM `cms_news` WHERE `news_id` = 34 LIMIT 1   [ RunTime:0.0002s ]
SQL: UPDATE `cms_news` SET `count`='49' WHERE ( news_id=34 ) [ RunTime:0.0220s ]
SQL: SHOW COLUMNS FROM `cms_news_content` [ RunTime:0.0584s ]
SQL: SELECT * FROM `cms_news_content` WHERE ( news_id=34 ) LIMIT 1   [ RunTime:0.0007s ]
INFO: [ view_parse ] --START--
INFO: [ template_filter ] --START--
INFO: Run Behavior\ContentReplaceBehavior [ RunTime:0.000174s ]
INFO: [ template_filter ] --END-- [ RunTime:0.000398s ]
NOTIC: [8] Undefined index: name E:\wamp64\www\demo\Application\Runtime\Cache\Home\0d75cb75cd30b13fdd4834afd69acb19.php 第 25 行.
NOTIC: [8] Undefined index: name E:\wamp64\www\demo\Application\Runtime\Cache\Home\0d75cb75cd30b13fdd4834afd69acb19.php 第 25 行.
NOTIC: [8] Undefined index: name E:\wamp64\www\demo\Application\Runtime\Cache\Home\0d75cb75cd30b13fdd4834afd69acb19.php 第 25 行.
NOTIC: [8] Undefined index: name E:\wamp64\www\demo\Application\Runtime\Cache\Home\0d75cb75cd30b13fdd4834afd69acb19.php 第 25 行.
INFO: Run Behavior\ParseTemplateBehavior [ RunTime:0.083607s ]
INFO: [ view_parse ] --END-- [ RunTime:0.083855s ]
INFO: [ view_filter ] --START--
INFO: Run Behavior\WriteHtmlCacheBehavior [ RunTime:0.000646s ]
INFO: [ view_filter ] --END-- [ RunTime:0.000876s ]
INFO: [ app_end ] --START--
INFO: Run Behavior\ShowPageTraceBehavior [ RunTime:0.002037s ]
INFO: [ app_end ] --END-- [ RunTime:0.002507s ]

