[ 2017-05-26T16:43:37+08:00 ] ::1 /demo/admin.php?c=Index
INFO: [ app_init ] --START--
INFO: Run Behavior\BuildLiteBehavior [ RunTime:0.000025s ]
INFO: [ app_init ] --END-- [ RunTime:0.062292s ]
INFO: [ app_begin ] --START--
INFO: Run Behavior\ReadHtmlCacheBehavior [ RunTime:0.026349s ]
INFO: [ app_begin ] --END-- [ RunTime:0.026540s ]
SQL: SHOW COLUMNS FROM `cms_role` [ RunTime:0.0771s ]
SQL: SELECT * FROM `cms_role` WHERE ( status=1 ) ORDER BY id desc  [ RunTime:0.0061s ]
NOTIC: [2] in_array() expects parameter 2 to be array, string given E:\wamp64\www\demo\Application\Admin\Controller\CommonController.class.php 第 18 行.
SQL: SHOW COLUMNS FROM `cms_user` [ RunTime:0.0512s ]
SQL: SELECT COUNT(id) AS tp_count FROM `cms_user` LIMIT 1   [ RunTime:0.0199s ]
SQL: SHOW COLUMNS FROM `cms_news` [ RunTime:0.0572s ]
SQL: SELECT COUNT(news_id) AS tp_count FROM `cms_news` LIMIT 1   [ RunTime:0.0003s ]
SQL: SELECT SUM(count) AS tp_sum FROM `cms_news` LIMIT 1   [ RunTime:0.0004s ]
INFO: [ view_parse ] --START--
INFO: [ template_filter ] --START--
INFO: Run Behavior\ContentReplaceBehavior [ RunTime:0.000631s ]
INFO: [ template_filter ] --END-- [ RunTime:0.000768s ]
INFO: Run Behavior\ParseTemplateBehavior [ RunTime:0.253805s ]
INFO: [ view_parse ] --END-- [ RunTime:0.254021s ]
INFO: [ view_filter ] --START--
INFO: Run Behavior\WriteHtmlCacheBehavior [ RunTime:0.020684s ]
INFO: [ view_filter ] --END-- [ RunTime:0.020790s ]
INFO: [ app_end ] --START--
INFO: Run Behavior\ShowPageTraceBehavior [ RunTime:0.016708s ]
INFO: [ app_end ] --END-- [ RunTime:0.016840s ]

[ 2017-05-26T16:43:42+08:00 ] ::1 /demo/admin.php?c=Index
INFO: [ app_init ] --START--
INFO: Run Behavior\BuildLiteBehavior [ RunTime:0.000024s ]
INFO: [ app_init ] --END-- [ RunTime:0.000352s ]
INFO: [ app_begin ] --START--
INFO: Run Behavior\ReadHtmlCacheBehavior [ RunTime:0.000468s ]
INFO: [ app_begin ] --END-- [ RunTime:0.000605s ]
SQL: SHOW COLUMNS FROM `cms_role` [ RunTime:0.0006s ]
SQL: SELECT * FROM `cms_role` WHERE ( status=1 ) ORDER BY id desc  [ RunTime:0.0003s ]
NOTIC: [2] in_array() expects parameter 2 to be array, string given E:\wamp64\www\demo\Application\Admin\Controller\CommonController.class.php 第 18 行.
SQL: SHOW COLUMNS FROM `cms_user` [ RunTime:0.0006s ]
SQL: SELECT COUNT(id) AS tp_count FROM `cms_user` LIMIT 1   [ RunTime:0.0002s ]
SQL: SHOW COLUMNS FROM `cms_news` [ RunTime:0.0005s ]
SQL: SELECT COUNT(news_id) AS tp_count FROM `cms_news` LIMIT 1   [ RunTime:0.0001s ]
SQL: SELECT SUM(count) AS tp_sum FROM `cms_news` LIMIT 1   [ RunTime:0.0002s ]
INFO: [ view_parse ] --START--
INFO: [ template_filter ] --START--
INFO: Run Behavior\ContentReplaceBehavior [ RunTime:0.000165s ]
INFO: [ template_filter ] --END-- [ RunTime:0.000288s ]
INFO: Run Behavior\ParseTemplateBehavior [ RunTime:0.025354s ]
INFO: [ view_parse ] --END-- [ RunTime:0.025471s ]
INFO: [ view_filter ] --START--
INFO: Run Behavior\WriteHtmlCacheBehavior [ RunTime:0.000299s ]
INFO: [ view_filter ] --END-- [ RunTime:0.000393s ]
INFO: [ app_end ] --START--
INFO: Run Behavior\ShowPageTraceBehavior [ RunTime:0.000689s ]
INFO: [ app_end ] --END-- [ RunTime:0.000835s ]

[ 2017-05-26T16:43:46+08:00 ] ::1 /demo/admin.php?c=Index
INFO: [ app_init ] --START--
INFO: Run Behavior\BuildLiteBehavior [ RunTime:0.000024s ]
INFO: [ app_init ] --END-- [ RunTime:0.000365s ]
INFO: [ app_begin ] --START--
INFO: Run Behavior\ReadHtmlCacheBehavior [ RunTime:0.000402s ]
INFO: [ app_begin ] --END-- [ RunTime:0.000506s ]
SQL: SHOW COLUMNS FROM `cms_role` [ RunTime:0.0009s ]
SQL: SELECT * FROM `cms_role` WHERE ( status=1 ) ORDER BY id desc  [ RunTime:0.0003s ]
NOTIC: [2] in_array() expects parameter 2 to be array, string given E:\wamp64\www\demo\Application\Admin\Controller\CommonController.class.php 第 18 行.
SQL: SHOW COLUMNS FROM `cms_user` [ RunTime:0.0006s ]
SQL: SELECT COUNT(id) AS tp_count FROM `cms_user` LIMIT 1   [ RunTime:0.0002s ]
SQL: SHOW COLUMNS FROM `cms_news` [ RunTime:0.0008s ]
SQL: SELECT COUNT(news_id) AS tp_count FROM `cms_news` LIMIT 1   [ RunTime:0.0002s ]
SQL: SELECT SUM(count) AS tp_sum FROM `cms_news` LIMIT 1   [ RunTime:0.0003s ]
INFO: [ view_parse ] --START--
INFO: [ template_filter ] --START--
INFO: Run Behavior\ContentReplaceBehavior [ RunTime:0.000195s ]
INFO: [ template_filter ] --END-- [ RunTime:0.000316s ]
INFO: Run Behavior\ParseTemplateBehavior [ RunTime:0.023752s ]
INFO: [ view_parse ] --END-- [ RunTime:0.023875s ]
INFO: [ view_filter ] --START--
INFO: Run Behavior\WriteHtmlCacheBehavior [ RunTime:0.000303s ]
INFO: [ view_filter ] --END-- [ RunTime:0.000398s ]
INFO: [ app_end ] --START--
INFO: Run Behavior\ShowPageTraceBehavior [ RunTime:0.000568s ]
INFO: [ app_end ] --END-- [ RunTime:0.000767s ]

[ 2017-05-26T16:43:48+08:00 ] ::1 /demo/admin.php?c=Users
INFO: [ app_init ] --START--
INFO: Run Behavior\BuildLiteBehavior [ RunTime:0.000021s ]
INFO: [ app_init ] --END-- [ RunTime:0.000309s ]
INFO: [ app_begin ] --START--
INFO: Run Behavior\ReadHtmlCacheBehavior [ RunTime:0.000323s ]
INFO: [ app_begin ] --END-- [ RunTime:0.000426s ]
SQL: SHOW COLUMNS FROM `cms_role` [ RunTime:0.0007s ]
SQL: SELECT * FROM `cms_role` WHERE ( status=1 ) ORDER BY id desc  [ RunTime:0.0004s ]
NOTIC: [2] in_array() expects parameter 2 to be array, string given E:\wamp64\www\demo\Application\Admin\Controller\CommonController.class.php 第 18 行.
NOTIC: [8] Undefined index: p E:\wamp64\www\demo\Application\Admin\Controller\UsersController.class.php 第 9 行.
SQL: SHOW COLUMNS FROM `cms_user` [ RunTime:0.0007s ]
SQL: SELECT COUNT(*) AS tp_count FROM `cms_user` WHERE ( status=1 ) LIMIT 1   [ RunTime:0.0003s ]
SQL: SHOW COLUMNS FROM `cms_user` [ RunTime:0.0006s ]
SQL: SELECT user.*,role.name FROM `cms_user` `user`,`cms_role` `role`,`cms_role_user` `middle` WHERE ( user.id = middle.user_id and role.id = middle.role_id ) ORDER BY id desc LIMIT 0,10   [ RunTime:0.1107s ]
INFO: [ view_parse ] --START--
INFO: [ template_filter ] --START--
INFO: Run Behavior\ContentReplaceBehavior [ RunTime:0.000181s ]
INFO: [ template_filter ] --END-- [ RunTime:0.000294s ]
INFO: Run Behavior\ParseTemplateBehavior [ RunTime:0.056238s ]
INFO: [ view_parse ] --END-- [ RunTime:0.056365s ]
INFO: [ view_filter ] --START--
INFO: Run Behavior\WriteHtmlCacheBehavior [ RunTime:0.000305s ]
INFO: [ view_filter ] --END-- [ RunTime:0.000401s ]
INFO: [ app_end ] --START--
INFO: Run Behavior\ShowPageTraceBehavior [ RunTime:0.000553s ]
INFO: [ app_end ] --END-- [ RunTime:0.000663s ]

[ 2017-05-26T16:43:58+08:00 ] ::1 /demo/admin.php?c=Users&a=add
INFO: [ app_init ] --START--
INFO: Run Behavior\BuildLiteBehavior [ RunTime:0.000023s ]
INFO: [ app_init ] --END-- [ RunTime:0.000316s ]
INFO: [ app_begin ] --START--
INFO: Run Behavior\ReadHtmlCacheBehavior [ RunTime:0.000332s ]
INFO: [ app_begin ] --END-- [ RunTime:0.000430s ]
SQL: SHOW COLUMNS FROM `cms_role` [ RunTime:0.0006s ]
SQL: SELECT * FROM `cms_role` WHERE ( status=1 ) ORDER BY id desc  [ RunTime:0.0003s ]
NOTIC: [2] in_array() expects parameter 2 to be array, string given E:\wamp64\www\demo\Application\Admin\Controller\CommonController.class.php 第 18 行.
INFO: [ view_parse ] --START--
INFO: [ template_filter ] --START--
INFO: Run Behavior\ContentReplaceBehavior [ RunTime:0.000189s ]
INFO: [ template_filter ] --END-- [ RunTime:0.000301s ]
INFO: Run Behavior\ParseTemplateBehavior [ RunTime:0.051773s ]
INFO: [ view_parse ] --END-- [ RunTime:0.051891s ]
INFO: [ view_filter ] --START--
INFO: Run Behavior\WriteHtmlCacheBehavior [ RunTime:0.000339s ]
INFO: [ view_filter ] --END-- [ RunTime:0.000432s ]
INFO: [ app_end ] --START--
INFO: Run Behavior\ShowPageTraceBehavior [ RunTime:0.000870s ]
INFO: [ app_end ] --END-- [ RunTime:0.001068s ]

[ 2017-05-26T16:44:01+08:00 ] ::1 /demo/admin.php?c=Users
INFO: [ app_init ] --START--
INFO: Run Behavior\BuildLiteBehavior [ RunTime:0.000026s ]
INFO: [ app_init ] --END-- [ RunTime:0.000376s ]
INFO: [ app_begin ] --START--
INFO: Run Behavior\ReadHtmlCacheBehavior [ RunTime:0.000329s ]
INFO: [ app_begin ] --END-- [ RunTime:0.000434s ]
SQL: SHOW COLUMNS FROM `cms_role` [ RunTime:0.0008s ]
SQL: SELECT * FROM `cms_role` WHERE ( status=1 ) ORDER BY id desc  [ RunTime:0.0004s ]
NOTIC: [2] in_array() expects parameter 2 to be array, string given E:\wamp64\www\demo\Application\Admin\Controller\CommonController.class.php 第 18 行.
NOTIC: [8] Undefined index: p E:\wamp64\www\demo\Application\Admin\Controller\UsersController.class.php 第 9 行.
SQL: SHOW COLUMNS FROM `cms_user` [ RunTime:0.0006s ]
SQL: SELECT COUNT(*) AS tp_count FROM `cms_user` WHERE ( status=1 ) LIMIT 1   [ RunTime:0.0002s ]
SQL: SHOW COLUMNS FROM `cms_user` [ RunTime:0.0004s ]
SQL: SELECT user.*,role.name FROM `cms_user` `user`,`cms_role` `role`,`cms_role_user` `middle` WHERE ( user.id = middle.user_id and role.id = middle.role_id ) ORDER BY id desc LIMIT 0,10   [ RunTime:0.0006s ]
INFO: [ view_parse ] --START--
INFO: [ template_filter ] --START--
INFO: Run Behavior\ContentReplaceBehavior [ RunTime:0.000179s ]
INFO: [ template_filter ] --END-- [ RunTime:0.000387s ]
INFO: Run Behavior\ParseTemplateBehavior [ RunTime:0.037203s ]
INFO: [ view_parse ] --END-- [ RunTime:0.037317s ]
INFO: [ view_filter ] --START--
INFO: Run Behavior\WriteHtmlCacheBehavior [ RunTime:0.000305s ]
INFO: [ view_filter ] --END-- [ RunTime:0.000396s ]
INFO: [ app_end ] --START--
INFO: Run Behavior\ShowPageTraceBehavior [ RunTime:0.000859s ]
INFO: [ app_end ] --END-- [ RunTime:0.001058s ]

[ 2017-05-26T16:44:01+08:00 ] ::1 /demo/admin.php?c=Users&a=add
INFO: [ app_init ] --START--
INFO: Run Behavior\BuildLiteBehavior [ RunTime:0.000026s ]
INFO: [ app_init ] --END-- [ RunTime:0.000351s ]
INFO: [ app_begin ] --START--
INFO: Run Behavior\ReadHtmlCacheBehavior [ RunTime:0.000329s ]
INFO: [ app_begin ] --END-- [ RunTime:0.000435s ]
SQL: SHOW COLUMNS FROM `cms_role` [ RunTime:0.0006s ]
SQL: SELECT * FROM `cms_role` WHERE ( status=1 ) ORDER BY id desc  [ RunTime:0.0003s ]
NOTIC: [2] in_array() expects parameter 2 to be array, string given E:\wamp64\www\demo\Application\Admin\Controller\CommonController.class.php 第 18 行.
INFO: [ view_parse ] --START--
INFO: [ template_filter ] --START--
INFO: Run Behavior\ContentReplaceBehavior [ RunTime:0.000234s ]
INFO: [ template_filter ] --END-- [ RunTime:0.000539s ]
INFO: Run Behavior\ParseTemplateBehavior [ RunTime:0.032085s ]
INFO: [ view_parse ] --END-- [ RunTime:0.032198s ]
INFO: [ view_filter ] --START--
INFO: Run Behavior\WriteHtmlCacheBehavior [ RunTime:0.000316s ]
INFO: [ view_filter ] --END-- [ RunTime:0.000408s ]
INFO: [ app_end ] --START--
INFO: Run Behavior\ShowPageTraceBehavior [ RunTime:0.000613s ]
INFO: [ app_end ] --END-- [ RunTime:0.000767s ]

[ 2017-05-26T16:44:02+08:00 ] ::1 /demo/admin.php?c=Rbac&a=roleList
INFO: [ app_init ] --START--
INFO: Run Behavior\BuildLiteBehavior [ RunTime:0.000024s ]
INFO: [ app_init ] --END-- [ RunTime:0.000332s ]
INFO: [ app_begin ] --START--
INFO: Run Behavior\ReadHtmlCacheBehavior [ RunTime:0.000324s ]
INFO: [ app_begin ] --END-- [ RunTime:0.000429s ]
SQL: SHOW COLUMNS FROM `cms_role` [ RunTime:0.0006s ]
SQL: SELECT * FROM `cms_role` WHERE ( status=1 ) ORDER BY id desc  [ RunTime:0.0003s ]
NOTIC: [2] in_array() expects parameter 2 to be array, string given E:\wamp64\www\demo\Application\Admin\Controller\CommonController.class.php 第 18 行.
SQL: SELECT * FROM `cms_role` ORDER BY id desc  [ RunTime:0.0002s ]
INFO: [ view_parse ] --START--
INFO: [ template_filter ] --START--
INFO: Run Behavior\ContentReplaceBehavior [ RunTime:0.000178s ]
INFO: [ template_filter ] --END-- [ RunTime:0.000377s ]
INFO: Run Behavior\ParseTemplateBehavior [ RunTime:0.056796s ]
INFO: [ view_parse ] --END-- [ RunTime:0.056943s ]
INFO: [ view_filter ] --START--
INFO: Run Behavior\WriteHtmlCacheBehavior [ RunTime:0.000319s ]
INFO: [ view_filter ] --END-- [ RunTime:0.000419s ]
INFO: [ app_end ] --START--
INFO: Run Behavior\ShowPageTraceBehavior [ RunTime:0.000607s ]
INFO: [ app_end ] --END-- [ RunTime:0.000789s ]

[ 2017-05-26T16:44:05+08:00 ] ::1 /demo/admin.php?c=Rbac&a=addRole
INFO: [ app_init ] --START--
INFO: Run Behavior\BuildLiteBehavior [ RunTime:0.000025s ]
INFO: [ app_init ] --END-- [ RunTime:0.000321s ]
INFO: [ app_begin ] --START--
INFO: Run Behavior\ReadHtmlCacheBehavior [ RunTime:0.000329s ]
INFO: [ app_begin ] --END-- [ RunTime:0.000434s ]
SQL: SHOW COLUMNS FROM `cms_role` [ RunTime:0.0007s ]
SQL: SELECT * FROM `cms_role` WHERE ( status=1 ) ORDER BY id desc  [ RunTime:0.0004s ]
NOTIC: [2] in_array() expects parameter 2 to be array, string given E:\wamp64\www\demo\Application\Admin\Controller\CommonController.class.php 第 18 行.
INFO: [ view_parse ] --START--
INFO: [ template_filter ] --START--
INFO: Run Behavior\ContentReplaceBehavior [ RunTime:0.000223s ]
INFO: [ template_filter ] --END-- [ RunTime:0.000434s ]
INFO: Run Behavior\ParseTemplateBehavior [ RunTime:0.053769s ]
INFO: [ view_parse ] --END-- [ RunTime:0.053886s ]
INFO: [ view_filter ] --START--
INFO: Run Behavior\WriteHtmlCacheBehavior [ RunTime:0.000302s ]
INFO: [ view_filter ] --END-- [ RunTime:0.000393s ]
INFO: [ app_end ] --START--
INFO: Run Behavior\ShowPageTraceBehavior [ RunTime:0.000542s ]
INFO: [ app_end ] --END-- [ RunTime:0.000653s ]

[ 2017-05-26T16:44:06+08:00 ] ::1 /demo/admin.php?c=Rbac&a=nodeList
INFO: [ app_init ] --START--
INFO: Run Behavior\BuildLiteBehavior [ RunTime:0.000024s ]
INFO: [ app_init ] --END-- [ RunTime:0.000320s ]
INFO: [ app_begin ] --START--
INFO: Run Behavior\ReadHtmlCacheBehavior [ RunTime:0.000354s ]
INFO: [ app_begin ] --END-- [ RunTime:0.000459s ]
SQL: SHOW COLUMNS FROM `cms_role` [ RunTime:0.0006s ]
SQL: SELECT * FROM `cms_role` WHERE ( status=1 ) ORDER BY id desc  [ RunTime:0.0003s ]
NOTIC: [2] in_array() expects parameter 2 to be array, string given E:\wamp64\www\demo\Application\Admin\Controller\CommonController.class.php 第 18 行.
SQL: SHOW COLUMNS FROM `cms_node` [ RunTime:0.0472s ]
SQL: SELECT * FROM `cms_node`  [ RunTime:0.0007s ]
INFO: [ view_parse ] --START--
INFO: [ template_filter ] --START--
INFO: Run Behavior\ContentReplaceBehavior [ RunTime:0.000507s ]
INFO: [ template_filter ] --END-- [ RunTime:0.001021s ]
INFO: Run Behavior\ParseTemplateBehavior [ RunTime:0.107347s ]
INFO: [ view_parse ] --END-- [ RunTime:0.107572s ]
INFO: [ view_filter ] --START--
INFO: Run Behavior\WriteHtmlCacheBehavior [ RunTime:0.000456s ]
INFO: [ view_filter ] --END-- [ RunTime:0.000615s ]
INFO: [ app_end ] --START--
INFO: Run Behavior\ShowPageTraceBehavior [ RunTime:0.001173s ]
INFO: [ app_end ] --END-- [ RunTime:0.001412s ]

[ 2017-05-26T16:44:07+08:00 ] ::1 /demo/admin.php?c=Rbac&a=addNode
INFO: [ app_init ] --START--
INFO: Run Behavior\BuildLiteBehavior [ RunTime:0.000025s ]
INFO: [ app_init ] --END-- [ RunTime:0.000320s ]
INFO: [ app_begin ] --START--
INFO: Run Behavior\ReadHtmlCacheBehavior [ RunTime:0.000347s ]
INFO: [ app_begin ] --END-- [ RunTime:0.000453s ]
SQL: SHOW COLUMNS FROM `cms_role` [ RunTime:0.0008s ]
SQL: SELECT * FROM `cms_role` WHERE ( status=1 ) ORDER BY id desc  [ RunTime:0.0004s ]
NOTIC: [2] in_array() expects parameter 2 to be array, string given E:\wamp64\www\demo\Application\Admin\Controller\CommonController.class.php 第 18 行.
SQL: SHOW COLUMNS FROM `cms_node` [ RunTime:0.0006s ]
SQL: SELECT * FROM `cms_node` WHERE ( level!=3 ) ORDER BY sort  [ RunTime:0.0003s ]
INFO: [ view_parse ] --START--
INFO: [ template_filter ] --START--
INFO: Run Behavior\ContentReplaceBehavior [ RunTime:0.000329s ]
INFO: [ template_filter ] --END-- [ RunTime:0.000691s ]
INFO: Run Behavior\ParseTemplateBehavior [ RunTime:0.177253s ]
INFO: [ view_parse ] --END-- [ RunTime:0.177386s ]
INFO: [ view_filter ] --START--
INFO: Run Behavior\WriteHtmlCacheBehavior [ RunTime:0.000569s ]
INFO: [ view_filter ] --END-- [ RunTime:0.000775s ]
INFO: [ app_end ] --START--
INFO: Run Behavior\ShowPageTraceBehavior [ RunTime:0.000807s ]
INFO: [ app_end ] --END-- [ RunTime:0.000983s ]

[ 2017-05-26T16:44:09+08:00 ] ::1 /demo/admin.php?c=Chart
INFO: [ app_init ] --START--
INFO: Run Behavior\BuildLiteBehavior [ RunTime:0.000025s ]
INFO: [ app_init ] --END-- [ RunTime:0.000325s ]
INFO: [ app_begin ] --START--
INFO: Run Behavior\ReadHtmlCacheBehavior [ RunTime:0.000325s ]
INFO: [ app_begin ] --END-- [ RunTime:0.000445s ]
INFO: [ view_parse ] --START--
INFO: [ template_filter ] --START--
INFO: Run Behavior\ContentReplaceBehavior [ RunTime:0.000161s ]
INFO: [ template_filter ] --END-- [ RunTime:0.000279s ]
INFO: Run Behavior\ParseTemplateBehavior [ RunTime:0.057900s ]
INFO: [ view_parse ] --END-- [ RunTime:0.058013s ]
INFO: [ view_filter ] --START--
INFO: Run Behavior\WriteHtmlCacheBehavior [ RunTime:0.000329s ]
INFO: [ view_filter ] --END-- [ RunTime:0.000420s ]
INFO: [ app_end ] --START--
INFO: Run Behavior\ShowPageTraceBehavior [ RunTime:0.000653s ]
INFO: [ app_end ] --END-- [ RunTime:0.000802s ]

[ 2017-05-26T16:44:09+08:00 ] ::1 /demo/admin.php?c=Chart&a=showData
INFO: [ app_init ] --START--
INFO: Run Behavior\BuildLiteBehavior [ RunTime:0.000029s ]
INFO: [ app_init ] --END-- [ RunTime:0.000374s ]
INFO: [ app_begin ] --START--
INFO: Run Behavior\ReadHtmlCacheBehavior [ RunTime:0.000322s ]
INFO: [ app_begin ] --END-- [ RunTime:0.000412s ]
SQL: SHOW COLUMNS FROM `cms_user` [ RunTime:0.0008s ]
SQL: SELECT `age`,`username` FROM `cms_user`  [ RunTime:0.0003s ]
INFO: [ app_end ] --START--
INFO: Run Behavior\ShowPageTraceBehavior [ RunTime:0.001958s ]
INFO: [ app_end ] --END-- [ RunTime:0.002415s ]

[ 2017-05-26T16:44:09+08:00 ] ::1 /demo/admin.php?c=content&a=getdata
INFO: [ app_init ] --START--
INFO: Run Behavior\BuildLiteBehavior [ RunTime:0.000026s ]
INFO: [ app_init ] --END-- [ RunTime:0.000351s ]
INFO: [ app_begin ] --START--
INFO: Run Behavior\ReadHtmlCacheBehavior [ RunTime:0.000615s ]
INFO: [ app_begin ] --END-- [ RunTime:0.000771s ]
SQL: SHOW COLUMNS FROM `cms_role` [ RunTime:0.0006s ]
SQL: SELECT * FROM `cms_role` WHERE ( status=1 ) ORDER BY id desc  [ RunTime:0.0003s ]
NOTIC: [2] in_array() expects parameter 2 to be array, string given E:\wamp64\www\demo\Application\Admin\Controller\CommonController.class.php 第 18 行.
ERR: 非法操作:getdata

[ 2017-05-26T16:44:12+08:00 ] ::1 /demo/admin.php?c=Menu
INFO: [ app_init ] --START--
INFO: Run Behavior\BuildLiteBehavior [ RunTime:0.000025s ]
INFO: [ app_init ] --END-- [ RunTime:0.000340s ]
INFO: [ app_begin ] --START--
INFO: Run Behavior\ReadHtmlCacheBehavior [ RunTime:0.000328s ]
INFO: [ app_begin ] --END-- [ RunTime:0.000432s ]
SQL: SHOW COLUMNS FROM `cms_role` [ RunTime:0.0007s ]
SQL: SELECT * FROM `cms_role` WHERE ( status=1 ) ORDER BY id desc  [ RunTime:0.0004s ]
NOTIC: [2] in_array() expects parameter 2 to be array, string given E:\wamp64\www\demo\Application\Admin\Controller\CommonController.class.php 第 18 行.
NOTIC: [8] Undefined index: p E:\wamp64\www\demo\Application\Admin\Controller\MenuController.class.php 第 6 行.
SQL: SHOW COLUMNS FROM `cms_menu` [ RunTime:0.0008s ]
SQL: SELECT COUNT(*) AS tp_count FROM `cms_menu` WHERE ( status=1 ) LIMIT 1   [ RunTime:0.0004s ]
SQL: SELECT * FROM `cms_menu` WHERE ( status=1 ) ORDER BY menu_id LIMIT 0,8   [ RunTime:0.0003s ]
INFO: [ view_parse ] --START--
INFO: [ template_filter ] --START--
INFO: Run Behavior\ContentReplaceBehavior [ RunTime:0.000176s ]
INFO: [ template_filter ] --END-- [ RunTime:0.000371s ]
INFO: Run Behavior\ParseTemplateBehavior [ RunTime:0.072064s ]
INFO: [ view_parse ] --END-- [ RunTime:0.072182s ]
INFO: [ view_filter ] --START--
INFO: Run Behavior\WriteHtmlCacheBehavior [ RunTime:0.000322s ]
INFO: [ view_filter ] --END-- [ RunTime:0.000417s ]
INFO: [ app_end ] --START--
INFO: Run Behavior\ShowPageTraceBehavior [ RunTime:0.000527s ]
INFO: [ app_end ] --END-- [ RunTime:0.000671s ]

[ 2017-05-26T16:44:17+08:00 ] ::1 /demo/admin.php?c=Menu&a=add
INFO: [ app_init ] --START--
INFO: Run Behavior\BuildLiteBehavior [ RunTime:0.000025s ]
INFO: [ app_init ] --END-- [ RunTime:0.000331s ]
INFO: [ app_begin ] --START--
INFO: Run Behavior\ReadHtmlCacheBehavior [ RunTime:0.000333s ]
INFO: [ app_begin ] --END-- [ RunTime:0.000438s ]
SQL: SHOW COLUMNS FROM `cms_role` [ RunTime:0.0009s ]
SQL: SELECT * FROM `cms_role` WHERE ( status=1 ) ORDER BY id desc  [ RunTime:0.0005s ]
NOTIC: [2] in_array() expects parameter 2 to be array, string given E:\wamp64\www\demo\Application\Admin\Controller\CommonController.class.php 第 18 行.
INFO: [ view_parse ] --START--
INFO: [ template_filter ] --START--
INFO: Run Behavior\ContentReplaceBehavior [ RunTime:0.000621s ]
INFO: [ template_filter ] --END-- [ RunTime:0.001224s ]
INFO: Run Behavior\ParseTemplateBehavior [ RunTime:0.095035s ]
INFO: [ view_parse ] --END-- [ RunTime:0.095206s ]
INFO: [ view_filter ] --START--
INFO: Run Behavior\WriteHtmlCacheBehavior [ RunTime:0.000515s ]
INFO: [ view_filter ] --END-- [ RunTime:0.000681s ]
INFO: [ app_end ] --START--
INFO: Run Behavior\ShowPageTraceBehavior [ RunTime:0.001175s ]
INFO: [ app_end ] --END-- [ RunTime:0.001435s ]

[ 2017-05-26T16:44:23+08:00 ] ::1 /demo/admin.php?c=Menu&a=add
INFO: [ app_init ] --START--
INFO: Run Behavior\BuildLiteBehavior [ RunTime:0.000022s ]
INFO: [ app_init ] --END-- [ RunTime:0.000316s ]
INFO: [ app_begin ] --START--
INFO: Run Behavior\ReadHtmlCacheBehavior [ RunTime:0.000323s ]
INFO: [ app_begin ] --END-- [ RunTime:0.000421s ]
SQL: SHOW COLUMNS FROM `cms_role` [ RunTime:0.0006s ]
SQL: SELECT * FROM `cms_role` WHERE ( status=1 ) ORDER BY id desc  [ RunTime:0.0004s ]
NOTIC: [2] in_array() expects parameter 2 to be array, string given E:\wamp64\www\demo\Application\Admin\Controller\CommonController.class.php 第 18 行.
INFO: [ view_parse ] --START--
INFO: [ template_filter ] --START--
INFO: Run Behavior\ContentReplaceBehavior [ RunTime:0.000206s ]
INFO: [ template_filter ] --END-- [ RunTime:0.000354s ]
INFO: Run Behavior\ParseTemplateBehavior [ RunTime:0.026152s ]
INFO: [ view_parse ] --END-- [ RunTime:0.026269s ]
INFO: [ view_filter ] --START--
INFO: Run Behavior\WriteHtmlCacheBehavior [ RunTime:0.000292s ]
INFO: [ view_filter ] --END-- [ RunTime:0.000384s ]
INFO: [ app_end ] --START--
INFO: Run Behavior\ShowPageTraceBehavior [ RunTime:0.000754s ]
INFO: [ app_end ] --END-- [ RunTime:0.000940s ]

[ 2017-05-26T16:44:35+08:00 ] ::1 /demo/admin.php?c=Content
INFO: [ app_init ] --START--
INFO: Run Behavior\BuildLiteBehavior [ RunTime:0.000022s ]
INFO: [ app_init ] --END-- [ RunTime:0.000313s ]
INFO: [ app_begin ] --START--
INFO: Run Behavior\ReadHtmlCacheBehavior [ RunTime:0.000353s ]
INFO: [ app_begin ] --END-- [ RunTime:0.000452s ]
SQL: SHOW COLUMNS FROM `cms_role` [ RunTime:0.0006s ]
SQL: SELECT * FROM `cms_role` WHERE ( status=1 ) ORDER BY id desc  [ RunTime:0.0003s ]
NOTIC: [2] in_array() expects parameter 2 to be array, string given E:\wamp64\www\demo\Application\Admin\Controller\CommonController.class.php 第 18 行.
NOTIC: [8] Undefined index: p E:\wamp64\www\demo\Application\Admin\Controller\ContentController.class.php 第 16 行.
SQL: SHOW COLUMNS FROM `cms_news` [ RunTime:0.0005s ]
SQL: SELECT * FROM `cms_news` WHERE `status` = 1 ORDER BY news_id desc LIMIT 0,10   [ RunTime:0.0004s ]
SQL: SELECT COUNT(*) AS tp_count FROM `cms_news` WHERE `status` = 1 LIMIT 1   [ RunTime:0.0002s ]
SQL: SHOW COLUMNS FROM `cms_menu` [ RunTime:0.0004s ]
SQL: SELECT * FROM `cms_menu` WHERE ( status=1 ) ORDER BY menu_id  [ RunTime:0.0003s ]
INFO: [ view_parse ] --START--
INFO: [ template_filter ] --START--
INFO: Run Behavior\ContentReplaceBehavior [ RunTime:0.000177s ]
INFO: [ template_filter ] --END-- [ RunTime:0.000296s ]
SQL: SELECT * FROM `cms_menu` WHERE ( menu_id=6 ) LIMIT 1   [ RunTime:0.0003s ]
SQL: SELECT * FROM `cms_menu` WHERE ( menu_id=1 ) LIMIT 1   [ RunTime:0.0002s ]
SQL: SELECT * FROM `cms_menu` WHERE ( menu_id=4 ) LIMIT 1   [ RunTime:0.0002s ]
SQL: SELECT * FROM `cms_menu` WHERE ( menu_id=1 ) LIMIT 1   [ RunTime:0.0002s ]
SQL: SELECT * FROM `cms_menu` WHERE ( menu_id=6 ) LIMIT 1   [ RunTime:0.0002s ]
SQL: SELECT * FROM `cms_menu` WHERE ( menu_id=6 ) LIMIT 1   [ RunTime:0.0002s ]
SQL: SELECT * FROM `cms_menu` WHERE ( menu_id=5 ) LIMIT 1   [ RunTime:0.0002s ]
SQL: SELECT * FROM `cms_menu` WHERE ( menu_id=5 ) LIMIT 1   [ RunTime:0.0002s ]
SQL: SELECT * FROM `cms_menu` WHERE ( menu_id=5 ) LIMIT 1   [ RunTime:0.0002s ]
SQL: SELECT * FROM `cms_menu` WHERE ( menu_id=1 ) LIMIT 1   [ RunTime:0.0002s ]
INFO: Run Behavior\ParseTemplateBehavior [ RunTime:0.048540s ]
INFO: [ view_parse ] --END-- [ RunTime:0.048644s ]
INFO: [ view_filter ] --START--
INFO: Run Behavior\WriteHtmlCacheBehavior [ RunTime:0.000331s ]
INFO: [ view_filter ] --END-- [ RunTime:0.000426s ]
INFO: [ app_end ] --START--
INFO: Run Behavior\ShowPageTraceBehavior [ RunTime:0.000740s ]
INFO: [ app_end ] --END-- [ RunTime:0.000926s ]

[ 2017-05-26T16:44:39+08:00 ] ::1 /demo/admin.php?c=Content&a=index
INFO: [ app_init ] --START--
INFO: Run Behavior\BuildLiteBehavior [ RunTime:0.000023s ]
INFO: [ app_init ] --END-- [ RunTime:0.000321s ]
INFO: [ app_begin ] --START--
INFO: Run Behavior\ReadHtmlCacheBehavior [ RunTime:0.000316s ]
INFO: [ app_begin ] --END-- [ RunTime:0.000418s ]
SQL: SHOW COLUMNS FROM `cms_role` [ RunTime:0.0006s ]
SQL: SELECT * FROM `cms_role` WHERE ( status=1 ) ORDER BY id desc  [ RunTime:0.0005s ]
NOTIC: [2] in_array() expects parameter 2 to be array, string given E:\wamp64\www\demo\Application\Admin\Controller\CommonController.class.php 第 18 行.
NOTIC: [8] Undefined index: p E:\wamp64\www\demo\Application\Admin\Controller\ContentController.class.php 第 16 行.
SQL: SHOW COLUMNS FROM `cms_news` [ RunTime:0.0006s ]
SQL: SELECT * FROM `cms_news` WHERE `status` = 1 ORDER BY news_id desc LIMIT 0,10   [ RunTime:0.0004s ]
SQL: SELECT COUNT(*) AS tp_count FROM `cms_news` WHERE `status` = 1 LIMIT 1   [ RunTime:0.0002s ]
SQL: SHOW COLUMNS FROM `cms_menu` [ RunTime:0.0006s ]
SQL: SELECT * FROM `cms_menu` WHERE ( status=1 ) ORDER BY menu_id  [ RunTime:0.0003s ]
INFO: [ view_parse ] --START--
INFO: [ template_filter ] --START--
INFO: Run Behavior\ContentReplaceBehavior [ RunTime:0.000181s ]
INFO: [ template_filter ] --END-- [ RunTime:0.000426s ]
SQL: SELECT * FROM `cms_menu` WHERE ( menu_id=6 ) LIMIT 1   [ RunTime:0.0003s ]
SQL: SELECT * FROM `cms_menu` WHERE ( menu_id=1 ) LIMIT 1   [ RunTime:0.0002s ]
SQL: SELECT * FROM `cms_menu` WHERE ( menu_id=4 ) LIMIT 1   [ RunTime:0.0002s ]
SQL: SELECT * FROM `cms_menu` WHERE ( menu_id=1 ) LIMIT 1   [ RunTime:0.0002s ]
SQL: SELECT * FROM `cms_menu` WHERE ( menu_id=6 ) LIMIT 1   [ RunTime:0.0001s ]
SQL: SELECT * FROM `cms_menu` WHERE ( menu_id=6 ) LIMIT 1   [ RunTime:0.0001s ]
SQL: SELECT * FROM `cms_menu` WHERE ( menu_id=5 ) LIMIT 1   [ RunTime:0.0002s ]
SQL: SELECT * FROM `cms_menu` WHERE ( menu_id=5 ) LIMIT 1   [ RunTime:0.0002s ]
SQL: SELECT * FROM `cms_menu` WHERE ( menu_id=5 ) LIMIT 1   [ RunTime:0.0001s ]
SQL: SELECT * FROM `cms_menu` WHERE ( menu_id=1 ) LIMIT 1   [ RunTime:0.0001s ]
INFO: Run Behavior\ParseTemplateBehavior [ RunTime:0.048057s ]
INFO: [ view_parse ] --END-- [ RunTime:0.048161s ]
INFO: [ view_filter ] --START--
INFO: Run Behavior\WriteHtmlCacheBehavior [ RunTime:0.000360s ]
INFO: [ view_filter ] --END-- [ RunTime:0.000455s ]
INFO: [ app_end ] --START--
INFO: Run Behavior\ShowPageTraceBehavior [ RunTime:0.000625s ]
INFO: [ app_end ] --END-- [ RunTime:0.000766s ]

[ 2017-05-26T16:44:41+08:00 ] ::1 /demo/admin.php?c=Content&a=index
INFO: [ app_init ] --START--
INFO: Run Behavior\BuildLiteBehavior [ RunTime:0.000035s ]
INFO: [ app_init ] --END-- [ RunTime:0.000381s ]
INFO: [ app_begin ] --START--
INFO: Run Behavior\ReadHtmlCacheBehavior [ RunTime:0.000559s ]
INFO: [ app_begin ] --END-- [ RunTime:0.000685s ]
SQL: SHOW COLUMNS FROM `cms_role` [ RunTime:0.0006s ]
SQL: SELECT * FROM `cms_role` WHERE ( status=1 ) ORDER BY id desc  [ RunTime:0.0004s ]
NOTIC: [2] in_array() expects parameter 2 to be array, string given E:\wamp64\www\demo\Application\Admin\Controller\CommonController.class.php 第 18 行.
NOTIC: [8] Undefined index: p E:\wamp64\www\demo\Application\Admin\Controller\ContentController.class.php 第 16 行.
SQL: SHOW COLUMNS FROM `cms_news` [ RunTime:0.0005s ]
SQL: SELECT * FROM `cms_news` WHERE `menu_id` = 1 AND `status` = 1 ORDER BY news_id desc LIMIT 0,100   [ RunTime:0.0004s ]
SQL: SELECT COUNT(*) AS tp_count FROM `cms_news` WHERE `menu_id` = 1 AND `status` = 1 LIMIT 1   [ RunTime:0.0003s ]
SQL: SHOW COLUMNS FROM `cms_menu` [ RunTime:0.0007s ]
SQL: SELECT * FROM `cms_menu` WHERE ( status=1 ) ORDER BY menu_id  [ RunTime:0.0003s ]
INFO: [ view_parse ] --START--
INFO: [ template_filter ] --START--
INFO: Run Behavior\ContentReplaceBehavior [ RunTime:0.000167s ]
INFO: [ template_filter ] --END-- [ RunTime:0.000277s ]
SQL: SELECT * FROM `cms_menu` WHERE ( menu_id=1 ) LIMIT 1   [ RunTime:0.0004s ]
SQL: SELECT * FROM `cms_menu` WHERE ( menu_id=1 ) LIMIT 1   [ RunTime:0.0002s ]
SQL: SELECT * FROM `cms_menu` WHERE ( menu_id=1 ) LIMIT 1   [ RunTime:0.0002s ]
SQL: SELECT * FROM `cms_menu` WHERE ( menu_id=1 ) LIMIT 1   [ RunTime:0.0002s ]
INFO: Run Behavior\ParseTemplateBehavior [ RunTime:0.048449s ]
INFO: [ view_parse ] --END-- [ RunTime:0.048556s ]
INFO: [ view_filter ] --START--
INFO: Run Behavior\WriteHtmlCacheBehavior [ RunTime:0.000453s ]
INFO: [ view_filter ] --END-- [ RunTime:0.000557s ]
INFO: [ app_end ] --START--
INFO: Run Behavior\ShowPageTraceBehavior [ RunTime:0.000825s ]
INFO: [ app_end ] --END-- [ RunTime:0.001002s ]

[ 2017-05-26T16:44:44+08:00 ] ::1 /demo/admin.php?c=Content&a=add
INFO: [ app_init ] --START--
INFO: Run Behavior\BuildLiteBehavior [ RunTime:0.000021s ]
INFO: [ app_init ] --END-- [ RunTime:0.000318s ]
INFO: [ app_begin ] --START--
INFO: Run Behavior\ReadHtmlCacheBehavior [ RunTime:0.000326s ]
INFO: [ app_begin ] --END-- [ RunTime:0.000425s ]
SQL: SHOW COLUMNS FROM `cms_role` [ RunTime:0.0006s ]
SQL: SELECT * FROM `cms_role` WHERE ( status=1 ) ORDER BY id desc  [ RunTime:0.0003s ]
NOTIC: [2] in_array() expects parameter 2 to be array, string given E:\wamp64\www\demo\Application\Admin\Controller\CommonController.class.php 第 18 行.
SQL: SHOW COLUMNS FROM `cms_menu` [ RunTime:0.0006s ]
SQL: SELECT * FROM `cms_menu` WHERE ( status=1 ) ORDER BY menu_id  [ RunTime:0.0003s ]
INFO: [ view_parse ] --START--
INFO: [ template_filter ] --START--
INFO: Run Behavior\ContentReplaceBehavior [ RunTime:0.000536s ]
INFO: [ template_filter ] --END-- [ RunTime:0.000967s ]
INFO: Run Behavior\ParseTemplateBehavior [ RunTime:0.176306s ]
INFO: [ view_parse ] --END-- [ RunTime:0.176450s ]
INFO: [ view_filter ] --START--
INFO: Run Behavior\WriteHtmlCacheBehavior [ RunTime:0.000424s ]
INFO: [ view_filter ] --END-- [ RunTime:0.000561s ]
INFO: [ app_end ] --START--
INFO: Run Behavior\ShowPageTraceBehavior [ RunTime:0.000941s ]
INFO: [ app_end ] --END-- [ RunTime:0.001196s ]

[ 2017-05-26T16:44:54+08:00 ] ::1 /demo/admin.php?c=Content&a=add
INFO: [ app_init ] --START--
INFO: Run Behavior\BuildLiteBehavior [ RunTime:0.000020s ]
INFO: [ app_init ] --END-- [ RunTime:0.000344s ]
INFO: [ app_begin ] --START--
INFO: Run Behavior\ReadHtmlCacheBehavior [ RunTime:0.000417s ]
INFO: [ app_begin ] --END-- [ RunTime:0.000523s ]
SQL: SHOW COLUMNS FROM `cms_role` [ RunTime:0.0005s ]
SQL: SELECT * FROM `cms_role` WHERE ( status=1 ) ORDER BY id desc  [ RunTime:0.0003s ]
NOTIC: [2] in_array() expects parameter 2 to be array, string given E:\wamp64\www\demo\Application\Admin\Controller\CommonController.class.php 第 18 行.
SQL: SHOW COLUMNS FROM `cms_menu` [ RunTime:0.0006s ]
SQL: SELECT * FROM `cms_menu` WHERE ( status=1 ) ORDER BY menu_id  [ RunTime:0.0002s ]
INFO: [ view_parse ] --START--
INFO: [ template_filter ] --START--
INFO: Run Behavior\ContentReplaceBehavior [ RunTime:0.000169s ]
INFO: [ template_filter ] --END-- [ RunTime:0.000277s ]
INFO: Run Behavior\ParseTemplateBehavior [ RunTime:0.036474s ]
INFO: [ view_parse ] --END-- [ RunTime:0.036590s ]
INFO: [ view_filter ] --START--
INFO: Run Behavior\WriteHtmlCacheBehavior [ RunTime:0.000290s ]
INFO: [ view_filter ] --END-- [ RunTime:0.000380s ]
INFO: [ app_end ] --START--
INFO: Run Behavior\ShowPageTraceBehavior [ RunTime:0.001047s ]
INFO: [ app_end ] --END-- [ RunTime:0.001231s ]

[ 2017-05-26T16:44:56+08:00 ] ::1 /demo/admin.php?c=Content
INFO: [ app_init ] --START--
INFO: Run Behavior\BuildLiteBehavior [ RunTime:0.000021s ]
INFO: [ app_init ] --END-- [ RunTime:0.000317s ]
INFO: [ app_begin ] --START--
INFO: Run Behavior\ReadHtmlCacheBehavior [ RunTime:0.000352s ]
INFO: [ app_begin ] --END-- [ RunTime:0.000465s ]
SQL: SHOW COLUMNS FROM `cms_role` [ RunTime:0.0006s ]
SQL: SELECT * FROM `cms_role` WHERE ( status=1 ) ORDER BY id desc  [ RunTime:0.0004s ]
NOTIC: [2] in_array() expects parameter 2 to be array, string given E:\wamp64\www\demo\Application\Admin\Controller\CommonController.class.php 第 18 行.
NOTIC: [8] Undefined index: p E:\wamp64\www\demo\Application\Admin\Controller\ContentController.class.php 第 16 行.
SQL: SHOW COLUMNS FROM `cms_news` [ RunTime:0.0007s ]
SQL: SELECT * FROM `cms_news` WHERE `status` = 1 ORDER BY news_id desc LIMIT 0,10   [ RunTime:0.0004s ]
SQL: SELECT COUNT(*) AS tp_count FROM `cms_news` WHERE `status` = 1 LIMIT 1   [ RunTime:0.0002s ]
SQL: SHOW COLUMNS FROM `cms_menu` [ RunTime:0.0005s ]
SQL: SELECT * FROM `cms_menu` WHERE ( status=1 ) ORDER BY menu_id  [ RunTime:0.0002s ]
INFO: [ view_parse ] --START--
INFO: [ template_filter ] --START--
INFO: Run Behavior\ContentReplaceBehavior [ RunTime:0.000169s ]
INFO: [ template_filter ] --END-- [ RunTime:0.000276s ]
SQL: SELECT * FROM `cms_menu` WHERE ( menu_id=6 ) LIMIT 1   [ RunTime:0.0003s ]
SQL: SELECT * FROM `cms_menu` WHERE ( menu_id=1 ) LIMIT 1   [ RunTime:0.0002s ]
SQL: SELECT * FROM `cms_menu` WHERE ( menu_id=4 ) LIMIT 1   [ RunTime:0.0002s ]
SQL: SELECT * FROM `cms_menu` WHERE ( menu_id=1 ) LIMIT 1   [ RunTime:0.0002s ]
SQL: SELECT * FROM `cms_menu` WHERE ( menu_id=6 ) LIMIT 1   [ RunTime:0.0002s ]
SQL: SELECT * FROM `cms_menu` WHERE ( menu_id=6 ) LIMIT 1   [ RunTime:0.0002s ]
SQL: SELECT * FROM `cms_menu` WHERE ( menu_id=5 ) LIMIT 1   [ RunTime:0.0002s ]
SQL: SELECT * FROM `cms_menu` WHERE ( menu_id=5 ) LIMIT 1   [ RunTime:0.0002s ]
SQL: SELECT * FROM `cms_menu` WHERE ( menu_id=5 ) LIMIT 1   [ RunTime:0.0002s ]
SQL: SELECT * FROM `cms_menu` WHERE ( menu_id=1 ) LIMIT 1   [ RunTime:0.0002s ]
INFO: Run Behavior\ParseTemplateBehavior [ RunTime:0.048763s ]
INFO: [ view_parse ] --END-- [ RunTime:0.048862s ]
INFO: [ view_filter ] --START--
INFO: Run Behavior\WriteHtmlCacheBehavior [ RunTime:0.000340s ]
INFO: [ view_filter ] --END-- [ RunTime:0.000434s ]
INFO: [ app_end ] --START--
INFO: Run Behavior\ShowPageTraceBehavior [ RunTime:0.000824s ]
INFO: [ app_end ] --END-- [ RunTime:0.001017s ]

[ 2017-05-26T16:44:59+08:00 ] ::1 /demo/admin.php?c=System
INFO: [ app_init ] --START--
INFO: Run Behavior\BuildLiteBehavior [ RunTime:0.000021s ]
INFO: [ app_init ] --END-- [ RunTime:0.000310s ]
INFO: [ app_begin ] --START--
INFO: Run Behavior\ReadHtmlCacheBehavior [ RunTime:0.000392s ]
INFO: [ app_begin ] --END-- [ RunTime:0.000507s ]
SQL: SHOW COLUMNS FROM `cms_role` [ RunTime:0.0006s ]
SQL: SELECT * FROM `cms_role` WHERE ( status=1 ) ORDER BY id desc  [ RunTime:0.0003s ]
NOTIC: [2] in_array() expects parameter 2 to be array, string given E:\wamp64\www\demo\Application\Admin\Controller\CommonController.class.php 第 18 行.
INFO: [ view_parse ] --START--
INFO: [ template_filter ] --START--
INFO: Run Behavior\ContentReplaceBehavior [ RunTime:0.000160s ]
INFO: [ template_filter ] --END-- [ RunTime:0.000268s ]
INFO: Run Behavior\ParseTemplateBehavior [ RunTime:0.055442s ]
INFO: [ view_parse ] --END-- [ RunTime:0.055561s ]
INFO: [ view_filter ] --START--
INFO: Run Behavior\WriteHtmlCacheBehavior [ RunTime:0.000286s ]
INFO: [ view_filter ] --END-- [ RunTime:0.000378s ]
INFO: [ app_end ] --START--
INFO: Run Behavior\ShowPageTraceBehavior [ RunTime:0.000508s ]
INFO: [ app_end ] --END-- [ RunTime:0.000611s ]

[ 2017-05-26T16:45:01+08:00 ] ::1 /demo/admin.php?c=System&a=info
INFO: [ app_init ] --START--
INFO: Run Behavior\BuildLiteBehavior [ RunTime:0.000023s ]
INFO: [ app_init ] --END-- [ RunTime:0.000424s ]
INFO: [ app_begin ] --START--
INFO: Run Behavior\ReadHtmlCacheBehavior [ RunTime:0.000339s ]
INFO: [ app_begin ] --END-- [ RunTime:0.000440s ]
SQL: SHOW COLUMNS FROM `cms_role` [ RunTime:0.0006s ]
SQL: SELECT * FROM `cms_role` WHERE ( status=1 ) ORDER BY id desc  [ RunTime:0.0005s ]
NOTIC: [2] in_array() expects parameter 2 to be array, string given E:\wamp64\www\demo\Application\Admin\Controller\CommonController.class.php 第 18 行.
INFO: [ view_parse ] --START--
INFO: [ template_filter ] --START--
INFO: Run Behavior\ContentReplaceBehavior [ RunTime:0.000202s ]
INFO: [ template_filter ] --END-- [ RunTime:0.000337s ]
INFO: Run Behavior\ParseTemplateBehavior [ RunTime:0.073960s ]
INFO: [ view_parse ] --END-- [ RunTime:0.074091s ]
INFO: [ view_filter ] --START--
INFO: Run Behavior\WriteHtmlCacheBehavior [ RunTime:0.000387s ]
INFO: [ view_filter ] --END-- [ RunTime:0.000485s ]
INFO: [ app_end ] --START--
INFO: Run Behavior\ShowPageTraceBehavior [ RunTime:0.000696s ]
INFO: [ app_end ] --END-- [ RunTime:0.000846s ]

[ 2017-05-26T16:45:53+08:00 ] ::1 /demo/admin.php?c=System&a=info
INFO: [ app_init ] --START--
INFO: Run Behavior\BuildLiteBehavior [ RunTime:0.000022s ]
INFO: [ app_init ] --END-- [ RunTime:0.000347s ]
INFO: [ app_begin ] --START--
INFO: Run Behavior\ReadHtmlCacheBehavior [ RunTime:0.000409s ]
INFO: [ app_begin ] --END-- [ RunTime:0.000507s ]
SQL: SHOW COLUMNS FROM `cms_role` [ RunTime:0.0005s ]
SQL: SELECT * FROM `cms_role` WHERE ( status=1 ) ORDER BY id desc  [ RunTime:0.0003s ]
NOTIC: [2] in_array() expects parameter 2 to be array, string given E:\wamp64\www\demo\Application\Admin\Controller\CommonController.class.php 第 18 行.
INFO: [ view_parse ] --START--
INFO: [ template_filter ] --START--
INFO: Run Behavior\ContentReplaceBehavior [ RunTime:0.000202s ]
INFO: [ template_filter ] --END-- [ RunTime:0.000397s ]
INFO: Run Behavior\ParseTemplateBehavior [ RunTime:0.037999s ]
INFO: [ view_parse ] --END-- [ RunTime:0.038112s ]
INFO: [ view_filter ] --START--
INFO: Run Behavior\WriteHtmlCacheBehavior [ RunTime:0.000314s ]
INFO: [ view_filter ] --END-- [ RunTime:0.000407s ]
INFO: [ app_end ] --START--
INFO: Run Behavior\ShowPageTraceBehavior [ RunTime:0.001083s ]
INFO: [ app_end ] --END-- [ RunTime:0.001349s ]

[ 2017-05-26T16:45:54+08:00 ] ::1 /demo/admin.php?c=System
INFO: [ app_init ] --START--
INFO: Run Behavior\BuildLiteBehavior [ RunTime:0.000023s ]
INFO: [ app_init ] --END-- [ RunTime:0.000329s ]
INFO: [ app_begin ] --START--
INFO: Run Behavior\ReadHtmlCacheBehavior [ RunTime:0.000359s ]
INFO: [ app_begin ] --END-- [ RunTime:0.000490s ]
SQL: SHOW COLUMNS FROM `cms_role` [ RunTime:0.0005s ]
SQL: SELECT * FROM `cms_role` WHERE ( status=1 ) ORDER BY id desc  [ RunTime:0.0003s ]
NOTIC: [2] in_array() expects parameter 2 to be array, string given E:\wamp64\www\demo\Application\Admin\Controller\CommonController.class.php 第 18 行.
INFO: [ view_parse ] --START--
INFO: [ template_filter ] --START--
INFO: Run Behavior\ContentReplaceBehavior [ RunTime:0.000180s ]
INFO: [ template_filter ] --END-- [ RunTime:0.000374s ]
INFO: Run Behavior\ParseTemplateBehavior [ RunTime:0.034293s ]
INFO: [ view_parse ] --END-- [ RunTime:0.034455s ]
INFO: [ view_filter ] --START--
INFO: Run Behavior\WriteHtmlCacheBehavior [ RunTime:0.000476s ]
INFO: [ view_filter ] --END-- [ RunTime:0.000641s ]
INFO: [ app_end ] --START--
INFO: Run Behavior\ShowPageTraceBehavior [ RunTime:0.000960s ]
INFO: [ app_end ] --END-- [ RunTime:0.001214s ]

[ 2017-05-26T16:47:20+08:00 ] ::1 /demo/admin.php?c=System&a=add
INFO: [ app_init ] --START--
INFO: Run Behavior\BuildLiteBehavior [ RunTime:0.000024s ]
INFO: [ app_init ] --END-- [ RunTime:0.000456s ]
INFO: [ app_begin ] --START--
INFO: Run Behavior\ReadHtmlCacheBehavior [ RunTime:0.000327s ]
INFO: [ app_begin ] --END-- [ RunTime:0.000412s ]
SQL: SHOW COLUMNS FROM `cms_role` [ RunTime:0.0008s ]
SQL: SELECT * FROM `cms_role` WHERE ( status=1 ) ORDER BY id desc  [ RunTime:0.0003s ]
NOTIC: [2] in_array() expects parameter 2 to be array, string given E:\wamp64\www\demo\Application\Admin\Controller\CommonController.class.php 第 18 行.

[ 2017-05-26T16:47:21+08:00 ] ::1 /demo/admin.php?c=System&a=index
INFO: [ app_init ] --START--
INFO: Run Behavior\BuildLiteBehavior [ RunTime:0.000024s ]
INFO: [ app_init ] --END-- [ RunTime:0.000327s ]
INFO: [ app_begin ] --START--
INFO: Run Behavior\ReadHtmlCacheBehavior [ RunTime:0.000337s ]
INFO: [ app_begin ] --END-- [ RunTime:0.000439s ]
SQL: SHOW COLUMNS FROM `cms_role` [ RunTime:0.0005s ]
SQL: SELECT * FROM `cms_role` WHERE ( status=1 ) ORDER BY id desc  [ RunTime:0.0003s ]
NOTIC: [2] in_array() expects parameter 2 to be array, string given E:\wamp64\www\demo\Application\Admin\Controller\CommonController.class.php 第 18 行.
INFO: [ view_parse ] --START--
INFO: [ template_filter ] --START--
INFO: Run Behavior\ContentReplaceBehavior [ RunTime:0.000188s ]
INFO: [ template_filter ] --END-- [ RunTime:0.000382s ]
INFO: Run Behavior\ParseTemplateBehavior [ RunTime:0.028946s ]
INFO: [ view_parse ] --END-- [ RunTime:0.029063s ]
INFO: [ view_filter ] --START--
INFO: Run Behavior\WriteHtmlCacheBehavior [ RunTime:0.000301s ]
INFO: [ view_filter ] --END-- [ RunTime:0.000393s ]
INFO: [ app_end ] --START--
INFO: Run Behavior\ShowPageTraceBehavior [ RunTime:0.000842s ]
INFO: [ app_end ] --END-- [ RunTime:0.001024s ]

